#
# There is insufficient memory for the Java Runtime Environment to continue.
# Native memory allocation (malloc) failed to allocate 286256 bytes for Chunk::new
# Possible reasons:
#   The system is out of physical RAM or swap space
#   The process is running with CompressedOops enabled, and the Java Heap may be blocking the growth of the native heap
# Possible solutions:
#   Reduce memory load on the system
#   Increase physical memory or swap space
#   Check if swap backing store is full
#   Decrease Java heap size (-Xmx/-Xms)
#   Decrease number of Java threads
#   Decrease Java thread stack sizes (-Xss)
#   Set larger code cache with -XX:ReservedCodeCacheSize=
#   JVM is running with Unscaled Compressed Oops mode in which the Java heap is
#     placed in the first 4GB address space. The Java Heap base address is the
#     maximum limit for the native heap growth. Please use -XX:HeapBaseMinAddress
#     to set the Java Heap base and to place the Java Heap above 4GB virtual address.
# This output file may be truncated or incomplete.
#
#  Out of Memory Error (./src/hotspot/share/memory/arena.cpp:197), pid=3828, tid=1508
#
# JRE version: OpenJDK Runtime Environment (11.0.12+7) (build 11.0.12+7-b1504.28-7817840)
# Java VM: OpenJDK 64-Bit Server VM (11.0.12+7-b1504.28-7817840, mixed mode, tiered, compressed oops, g1 gc, windows-amd64)
# No core dump will be written. Minidumps are not enabled by default on client versions of Windows
#

---------------  S U M M A R Y ------------

Command Line: org.jetbrains.kotlin.cli.jvm.K2JVMCompiler @C:\Users\Vishal Anand\Desktop\TLC Analyzer\app\build\20230711_418352624870102254.compiler.options

Host: Intel(R) Core(TM) i5-1035G1 CPU @ 1.00GHz, 8 cores, 7G,  Windows 10 , 64 bit Build 22621 (10.0.22621.1778)
Time: Tue Jul 11 08:08:34 2023 India Standard Time elapsed time: 2.127879 seconds (0d 0h 0m 2s)

---------------  T H R E A D  ---------------

Current thread (0x00000114a48fc000):  JavaThread "C2 CompilerThread0" daemon [_thread_in_native, id=1508, stack(0x0000000a99e00000,0x0000000a99f00000)]


Current CompileTask:
C2:   2127 2241       4       java.util.zip.ZipFile::getZipEntry (325 bytes)

Stack: [0x0000000a99e00000,0x0000000a99f00000]
Native frames: (J=compiled Java code, j=interpreted, Vv=VM code, C=native code)
V  [jvm.dll+0x5fbcea]
V  [jvm.dll+0x731905]
V  [jvm.dll+0x732f1d]
V  [jvm.dll+0x7335d3]
V  [jvm.dll+0x247bf8]
V  [jvm.dll+0xc018c]
V  [jvm.dll+0xc06cc]
V  [jvm.dll+0x35b31d]
V  [jvm.dll+0x328803]
V  [jvm.dll+0x327cfa]
V  [jvm.dll+0x200602]
V  [jvm.dll+0x1ff794]
V  [jvm.dll+0x18868c]
V  [jvm.dll+0x20e0d7]
V  [jvm.dll+0x20c901]
V  [jvm.dll+0x6f9b7f]
V  [jvm.dll+0x6f26a5]
V  [jvm.dll+0x5fabf6]
C  [ucrtbase.dll+0x29363]
C  [KERNEL32.DLL+0x126ad]
C  [ntdll.dll+0x5a9f8]


---------------  P R O C E S S  ---------------

Threads class SMR info:
_java_thread_list=0x00000114a6e11220, length=11, elements={
0x000001148a6af000, 0x00000114a48d7800, 0x00000114a48e5000, 0x00000114a48f7800,
0x00000114a48f8800, 0x00000114a48fb000, 0x00000114a48fc000, 0x00000114a5200800,
0x00000114a5209800, 0x00000114a53ca000, 0x00000114a5410800
}

Java Threads: ( => current thread )
  0x000001148a6af000 JavaThread "main" [_thread_in_Java, id=5636, stack(0x0000000a99200000,0x0000000a99300000)]
  0x00000114a48d7800 JavaThread "Reference Handler" daemon [_thread_blocked, id=2408, stack(0x0000000a99900000,0x0000000a99a00000)]
  0x00000114a48e5000 JavaThread "Finalizer" daemon [_thread_blocked, id=8736, stack(0x0000000a99a00000,0x0000000a99b00000)]
  0x00000114a48f7800 JavaThread "Signal Dispatcher" daemon [_thread_blocked, id=2956, stack(0x0000000a99b00000,0x0000000a99c00000)]
  0x00000114a48f8800 JavaThread "Attach Listener" daemon [_thread_blocked, id=2656, stack(0x0000000a99c00000,0x0000000a99d00000)]
  0x00000114a48fb000 JavaThread "Service Thread" daemon [_thread_blocked, id=11204, stack(0x0000000a99d00000,0x0000000a99e00000)]
=>0x00000114a48fc000 JavaThread "C2 CompilerThread0" daemon [_thread_in_native, id=1508, stack(0x0000000a99e00000,0x0000000a99f00000)]
  0x00000114a5200800 JavaThread "C1 CompilerThread0" daemon [_thread_blocked, id=10688, stack(0x0000000a99f00000,0x0000000a9a000000)]
  0x00000114a5209800 JavaThread "Sweeper thread" daemon [_thread_blocked, id=4996, stack(0x0000000a9a000000,0x0000000a9a100000)]
  0x00000114a53ca000 JavaThread "Common-Cleaner" daemon [_thread_blocked, id=12468, stack(0x0000000a9a200000,0x0000000a9a300000)]
  0x00000114a5410800 JavaThread "C2 CompilerThread1" daemon [_thread_in_native, id=14300, stack(0x0000000a9a300000,0x0000000a9a400000)]

Other Threads:
  0x00000114a48d5000 VMThread "VM Thread" [stack: 0x0000000a99800000,0x0000000a99900000] [id=11648]
  0x00000114a53cf800 WatcherThread [stack: 0x0000000a9a100000,0x0000000a9a200000] [id=14248]
  0x000001148852c000 GCTaskThread "GC Thread#0" [stack: 0x0000000a99300000,0x0000000a99400000] [id=8348]
  0x00000114a5a39800 GCTaskThread "GC Thread#1" [stack: 0x0000000a9a500000,0x0000000a9a600000] [id=8800]
  0x000001148a6f2000 ConcurrentGCThread "G1 Main Marker" [stack: 0x0000000a99400000,0x0000000a99500000] [id=11920]
  0x000001148a6f4800 ConcurrentGCThread "G1 Conc#0" [stack: 0x0000000a99500000,0x0000000a99600000] [id=14040]
  0x00000114a5af3000 ConcurrentGCThread "G1 Conc#1" [stack: 0x0000000a9a600000,0x0000000a9a700000] [id=5944]
  0x00000114a4710800 ConcurrentGCThread "G1 Refine#0" [stack: 0x0000000a99600000,0x0000000a99700000] [id=16016]
  0x00000114a4711800 ConcurrentGCThread "G1 Young RemSet Sampling" [stack: 0x0000000a99700000,0x0000000a99800000] [id=17228]

Threads with active compile tasks:
C2 CompilerThread0   2140 2241       4       java.util.zip.ZipFile::getZipEntry (325 bytes)
C2 CompilerThread1   2140 2038   !   4       jdk.internal.loader.BuiltinClassLoader::loadClassOrNull (143 bytes)

VM state:not at safepoint (normal execution)

VM Mutex/Monitor currently owned by a thread: None

Heap address: 0x0000000084000000, size: 1984 MB, Compressed Oops mode: 32-bit
Narrow klass base: 0x0000000000000000, Narrow klass shift: 3
Compressed class space size: 1073741824 Address: 0x0000000100000000

Heap:
 garbage-first heap   total 126976K, used 53966K [0x0000000084000000, 0x0000000100000000)
  region size 1024K, 48 young (49152K), 7 survivors (7168K)
 Metaspace       used 30694K, capacity 31170K, committed 31280K, reserved 1077248K
  class space    used 3660K, capacity 3857K, committed 3888K, reserved 1048576K
Heap Regions: E=young(eden), S=young(survivor), O=old, HS=humongous(starts), HC=humongous(continues), CS=collection set, F=free, A=archive, TAMS=top-at-mark-start (previous, next)
|   0|0x0000000084000000, 0x0000000084100000, 0x0000000084100000|100%|HS|  |TAMS 0x0000000084100000, 0x0000000084000000| Complete 
|   1|0x0000000084100000, 0x0000000084200000, 0x0000000084200000|100%|HC|  |TAMS 0x0000000084200000, 0x0000000084100000| Complete 
|   2|0x0000000084200000, 0x0000000084300000, 0x0000000084300000|100%|HC|  |TAMS 0x0000000084300000, 0x0000000084200000| Complete 
|   3|0x0000000084300000, 0x0000000084300000, 0x0000000084400000|  0%| F|  |TAMS 0x0000000084300000, 0x0000000084300000| Untracked 
|   4|0x0000000084400000, 0x0000000084432600, 0x0000000084500000| 19%| O|  |TAMS 0x0000000084432600, 0x0000000084400000| Untracked 
|   5|0x0000000084500000, 0x0000000084600000, 0x0000000084600000|100%|HS|  |TAMS 0x0000000084500000, 0x0000000084500000| Complete 
|   6|0x0000000084600000, 0x0000000084700000, 0x0000000084700000|100%|HC|  |TAMS 0x0000000084600000, 0x0000000084600000| Complete 
|   7|0x0000000084700000, 0x0000000084800000, 0x0000000084800000|100%|HC|  |TAMS 0x0000000084700000, 0x0000000084700000| Complete 
|   8|0x0000000084800000, 0x0000000084800000, 0x0000000084900000|  0%| F|  |TAMS 0x0000000084800000, 0x0000000084800000| Untracked 
|   9|0x0000000084900000, 0x0000000084900000, 0x0000000084a00000|  0%| F|  |TAMS 0x0000000084900000, 0x0000000084900000| Untracked 
|  10|0x0000000084a00000, 0x0000000084a00000, 0x0000000084b00000|  0%| F|  |TAMS 0x0000000084a00000, 0x0000000084a00000| Untracked 
|  11|0x0000000084b00000, 0x0000000084b00000, 0x0000000084c00000|  0%| F|  |TAMS 0x0000000084b00000, 0x0000000084b00000| Untracked 
|  12|0x0000000084c00000, 0x0000000084c00000, 0x0000000084d00000|  0%| F|  |TAMS 0x0000000084c00000, 0x0000000084c00000| Untracked 
|  13|0x0000000084d00000, 0x0000000084d00000, 0x0000000084e00000|  0%| F|  |TAMS 0x0000000084d00000, 0x0000000084d00000| Untracked 
|  14|0x0000000084e00000, 0x0000000084e00000, 0x0000000084f00000|  0%| F|  |TAMS 0x0000000084e00000, 0x0000000084e00000| Untracked 
|  15|0x0000000084f00000, 0x0000000084f00000, 0x0000000085000000|  0%| F|  |TAMS 0x0000000084f00000, 0x0000000084f00000| Untracked 
|  16|0x0000000085000000, 0x0000000085000000, 0x0000000085100000|  0%| F|  |TAMS 0x0000000085000000, 0x0000000085000000| Untracked 
|  17|0x0000000085100000, 0x0000000085100000, 0x0000000085200000|  0%| F|  |TAMS 0x0000000085100000, 0x0000000085100000| Untracked 
|  18|0x0000000085200000, 0x0000000085200000, 0x0000000085300000|  0%| F|  |TAMS 0x0000000085200000, 0x0000000085200000| Untracked 
|  19|0x0000000085300000, 0x0000000085300000, 0x0000000085400000|  0%| F|  |TAMS 0x0000000085300000, 0x0000000085300000| Untracked 
|  20|0x0000000085400000, 0x0000000085400000, 0x0000000085500000|  0%| F|  |TAMS 0x0000000085400000, 0x0000000085400000| Untracked 
|  21|0x0000000085500000, 0x0000000085500000, 0x0000000085600000|  0%| F|  |TAMS 0x0000000085500000, 0x0000000085500000| Untracked 
|  22|0x0000000085600000, 0x0000000085600000, 0x0000000085700000|  0%| F|  |TAMS 0x0000000085600000, 0x0000000085600000| Untracked 
|  23|0x0000000085700000, 0x0000000085700000, 0x0000000085800000|  0%| F|  |TAMS 0x0000000085700000, 0x0000000085700000| Untracked 
|  24|0x0000000085800000, 0x0000000085800000, 0x0000000085900000|  0%| F|  |TAMS 0x0000000085800000, 0x0000000085800000| Untracked 
|  25|0x0000000085900000, 0x0000000085900000, 0x0000000085a00000|  0%| F|  |TAMS 0x0000000085900000, 0x0000000085900000| Untracked 
|  26|0x0000000085a00000, 0x0000000085a00000, 0x0000000085b00000|  0%| F|  |TAMS 0x0000000085a00000, 0x0000000085a00000| Untracked 
|  27|0x0000000085b00000, 0x0000000085b00000, 0x0000000085c00000|  0%| F|  |TAMS 0x0000000085b00000, 0x0000000085b00000| Untracked 
|  28|0x0000000085c00000, 0x0000000085c00000, 0x0000000085d00000|  0%| F|  |TAMS 0x0000000085c00000, 0x0000000085c00000| Untracked 
|  29|0x0000000085d00000, 0x0000000085d00000, 0x0000000085e00000|  0%| F|  |TAMS 0x0000000085d00000, 0x0000000085d00000| Untracked 
|  30|0x0000000085e00000, 0x0000000085e00000, 0x0000000085f00000|  0%| F|  |TAMS 0x0000000085e00000, 0x0000000085e00000| Untracked 
|  31|0x0000000085f00000, 0x0000000085f00000, 0x0000000086000000|  0%| F|  |TAMS 0x0000000085f00000, 0x0000000085f00000| Untracked 
|  32|0x0000000086000000, 0x0000000086000000, 0x0000000086100000|  0%| F|  |TAMS 0x0000000086000000, 0x0000000086000000| Untracked 
|  33|0x0000000086100000, 0x0000000086100000, 0x0000000086200000|  0%| F|  |TAMS 0x0000000086100000, 0x0000000086100000| Untracked 
|  34|0x0000000086200000, 0x0000000086200000, 0x0000000086300000|  0%| F|  |TAMS 0x0000000086200000, 0x0000000086200000| Untracked 
|  35|0x0000000086300000, 0x0000000086300000, 0x0000000086400000|  0%| F|  |TAMS 0x0000000086300000, 0x0000000086300000| Untracked 
|  36|0x0000000086400000, 0x0000000086400000, 0x0000000086500000|  0%| F|  |TAMS 0x0000000086400000, 0x0000000086400000| Untracked 
|  37|0x0000000086500000, 0x0000000086500000, 0x0000000086600000|  0%| F|  |TAMS 0x0000000086500000, 0x0000000086500000| Untracked 
|  38|0x0000000086600000, 0x0000000086600000, 0x0000000086700000|  0%| F|  |TAMS 0x0000000086600000, 0x0000000086600000| Untracked 
|  39|0x0000000086700000, 0x0000000086700000, 0x0000000086800000|  0%| F|  |TAMS 0x0000000086700000, 0x0000000086700000| Untracked 
|  40|0x0000000086800000, 0x0000000086800000, 0x0000000086900000|  0%| F|  |TAMS 0x0000000086800000, 0x0000000086800000| Untracked 
|  41|0x0000000086900000, 0x0000000086900000, 0x0000000086a00000|  0%| F|  |TAMS 0x0000000086900000, 0x0000000086900000| Untracked 
|  42|0x0000000086a00000, 0x0000000086a00000, 0x0000000086b00000|  0%| F|  |TAMS 0x0000000086a00000, 0x0000000086a00000| Untracked 
|  43|0x0000000086b00000, 0x0000000086b00000, 0x0000000086c00000|  0%| F|  |TAMS 0x0000000086b00000, 0x0000000086b00000| Untracked 
|  44|0x0000000086c00000, 0x0000000086c00000, 0x0000000086d00000|  0%| F|  |TAMS 0x0000000086c00000, 0x0000000086c00000| Untracked 
|  45|0x0000000086d00000, 0x0000000086d00000, 0x0000000086e00000|  0%| F|  |TAMS 0x0000000086d00000, 0x0000000086d00000| Untracked 
|  46|0x0000000086e00000, 0x0000000086e00000, 0x0000000086f00000|  0%| F|  |TAMS 0x0000000086e00000, 0x0000000086e00000| Untracked 
|  47|0x0000000086f00000, 0x0000000086f00000, 0x0000000087000000|  0%| F|  |TAMS 0x0000000086f00000, 0x0000000086f00000| Untracked 
|  48|0x0000000087000000, 0x0000000087000000, 0x0000000087100000|  0%| F|  |TAMS 0x0000000087000000, 0x0000000087000000| Untracked 
|  49|0x0000000087100000, 0x0000000087100000, 0x0000000087200000|  0%| F|  |TAMS 0x0000000087100000, 0x0000000087100000| Untracked 
|  50|0x0000000087200000, 0x0000000087200000, 0x0000000087300000|  0%| F|  |TAMS 0x0000000087200000, 0x0000000087200000| Untracked 
|  51|0x0000000087300000, 0x0000000087300000, 0x0000000087400000|  0%| F|  |TAMS 0x0000000087300000, 0x0000000087300000| Untracked 
|  52|0x0000000087400000, 0x0000000087400000, 0x0000000087500000|  0%| F|  |TAMS 0x0000000087400000, 0x0000000087400000| Untracked 
|  53|0x0000000087500000, 0x0000000087500000, 0x0000000087600000|  0%| F|  |TAMS 0x0000000087500000, 0x0000000087500000| Untracked 
|  54|0x0000000087600000, 0x0000000087600000, 0x0000000087700000|  0%| F|  |TAMS 0x0000000087600000, 0x0000000087600000| Untracked 
|  55|0x0000000087700000, 0x0000000087700000, 0x0000000087800000|  0%| F|  |TAMS 0x0000000087700000, 0x0000000087700000| Untracked 
|  56|0x0000000087800000, 0x0000000087800000, 0x0000000087900000|  0%| F|  |TAMS 0x0000000087800000, 0x0000000087800000| Untracked 
|  57|0x0000000087900000, 0x0000000087900000, 0x0000000087a00000|  0%| F|  |TAMS 0x0000000087900000, 0x0000000087900000| Untracked 
|  58|0x0000000087a00000, 0x0000000087a00000, 0x0000000087b00000|  0%| F|  |TAMS 0x0000000087a00000, 0x0000000087a00000| Untracked 
|  59|0x0000000087b00000, 0x0000000087b00000, 0x0000000087c00000|  0%| F|  |TAMS 0x0000000087b00000, 0x0000000087b00000| Untracked 
|  60|0x0000000087c00000, 0x0000000087c00000, 0x0000000087d00000|  0%| F|  |TAMS 0x0000000087c00000, 0x0000000087c00000| Untracked 
|  61|0x0000000087d00000, 0x0000000087d00000, 0x0000000087e00000|  0%| F|  |TAMS 0x0000000087d00000, 0x0000000087d00000| Untracked 
|  62|0x0000000087e00000, 0x0000000087e00000, 0x0000000087f00000|  0%| F|  |TAMS 0x0000000087e00000, 0x0000000087e00000| Untracked 
|  63|0x0000000087f00000, 0x0000000087f00000, 0x0000000088000000|  0%| F|  |TAMS 0x0000000087f00000, 0x0000000087f00000| Untracked 
|  64|0x0000000088000000, 0x0000000088000000, 0x0000000088100000|  0%| F|  |TAMS 0x0000000088000000, 0x0000000088000000| Untracked 
|  65|0x0000000088100000, 0x0000000088100000, 0x0000000088200000|  0%| F|  |TAMS 0x0000000088100000, 0x0000000088100000| Untracked 
|  66|0x0000000088200000, 0x0000000088200000, 0x0000000088300000|  0%| F|  |TAMS 0x0000000088200000, 0x0000000088200000| Untracked 
|  67|0x0000000088300000, 0x0000000088300000, 0x0000000088400000|  0%| F|  |TAMS 0x0000000088300000, 0x0000000088300000| Untracked 
|  68|0x0000000088400000, 0x0000000088400000, 0x0000000088500000|  0%| F|  |TAMS 0x0000000088400000, 0x0000000088400000| Untracked 
|  69|0x0000000088500000, 0x0000000088500000, 0x0000000088600000|  0%| F|  |TAMS 0x0000000088500000, 0x0000000088500000| Untracked 
|  70|0x0000000088600000, 0x0000000088600000, 0x0000000088700000|  0%| F|  |TAMS 0x0000000088600000, 0x0000000088600000| Untracked 
|  71|0x0000000088700000, 0x0000000088700000, 0x0000000088800000|  0%| F|  |TAMS 0x0000000088700000, 0x0000000088700000| Untracked 
|  72|0x0000000088800000, 0x0000000088800000, 0x0000000088900000|  0%| F|  |TAMS 0x0000000088800000, 0x0000000088800000| Untracked 
|  73|0x0000000088900000, 0x0000000088900000, 0x0000000088a00000|  0%| F|  |TAMS 0x0000000088900000, 0x0000000088900000| Untracked 
|  74|0x0000000088a00000, 0x0000000088a00000, 0x0000000088b00000|  0%| F|  |TAMS 0x0000000088a00000, 0x0000000088a00000| Untracked 
|  75|0x0000000088b00000, 0x0000000088b00000, 0x0000000088c00000|  0%| F|  |TAMS 0x0000000088b00000, 0x0000000088b00000| Untracked 
|  76|0x0000000088c00000, 0x0000000088c81300, 0x0000000088d00000| 50%| S|CS|TAMS 0x0000000088c00000, 0x0000000088c00000| Complete 
|  77|0x0000000088d00000, 0x0000000088e00000, 0x0000000088e00000|100%| S|CS|TAMS 0x0000000088d00000, 0x0000000088d00000| Complete 
|  78|0x0000000088e00000, 0x0000000088f00000, 0x0000000088f00000|100%| S|CS|TAMS 0x0000000088e00000, 0x0000000088e00000| Complete 
|  79|0x0000000088f00000, 0x0000000089000000, 0x0000000089000000|100%| S|CS|TAMS 0x0000000088f00000, 0x0000000088f00000| Complete 
|  80|0x0000000089000000, 0x0000000089100000, 0x0000000089100000|100%| S|CS|TAMS 0x0000000089000000, 0x0000000089000000| Complete 
|  81|0x0000000089100000, 0x0000000089200000, 0x0000000089200000|100%| S|CS|TAMS 0x0000000089100000, 0x0000000089100000| Complete 
|  82|0x0000000089200000, 0x0000000089300000, 0x0000000089300000|100%| S|CS|TAMS 0x0000000089200000, 0x0000000089200000| Complete 
|  83|0x0000000089300000, 0x0000000089380800, 0x0000000089400000| 50%| E|  |TAMS 0x0000000089300000, 0x0000000089300000| Complete 
|  84|0x0000000089400000, 0x0000000089500000, 0x0000000089500000|100%| E|CS|TAMS 0x0000000089400000, 0x0000000089400000| Complete 
|  85|0x0000000089500000, 0x0000000089600000, 0x0000000089600000|100%| E|CS|TAMS 0x0000000089500000, 0x0000000089500000| Complete 
|  86|0x0000000089600000, 0x0000000089700000, 0x0000000089700000|100%| E|CS|TAMS 0x0000000089600000, 0x0000000089600000| Complete 
|  87|0x0000000089700000, 0x0000000089800000, 0x0000000089800000|100%| E|CS|TAMS 0x0000000089700000, 0x0000000089700000| Complete 
|  88|0x0000000089800000, 0x0000000089900000, 0x0000000089900000|100%| E|CS|TAMS 0x0000000089800000, 0x0000000089800000| Complete 
|  89|0x0000000089900000, 0x0000000089a00000, 0x0000000089a00000|100%| E|CS|TAMS 0x0000000089900000, 0x0000000089900000| Complete 
|  90|0x0000000089a00000, 0x0000000089b00000, 0x0000000089b00000|100%| E|CS|TAMS 0x0000000089a00000, 0x0000000089a00000| Complete 
|  91|0x0000000089b00000, 0x0000000089c00000, 0x0000000089c00000|100%| E|CS|TAMS 0x0000000089b00000, 0x0000000089b00000| Complete 
|  92|0x0000000089c00000, 0x0000000089d00000, 0x0000000089d00000|100%| E|CS|TAMS 0x0000000089c00000, 0x0000000089c00000| Complete 
|  93|0x0000000089d00000, 0x0000000089e00000, 0x0000000089e00000|100%| E|CS|TAMS 0x0000000089d00000, 0x0000000089d00000| Complete 
|  94|0x0000000089e00000, 0x0000000089f00000, 0x0000000089f00000|100%| E|CS|TAMS 0x0000000089e00000, 0x0000000089e00000| Complete 
|  95|0x0000000089f00000, 0x000000008a000000, 0x000000008a000000|100%| E|CS|TAMS 0x0000000089f00000, 0x0000000089f00000| Complete 
|  96|0x000000008a000000, 0x000000008a100000, 0x000000008a100000|100%| E|CS|TAMS 0x000000008a000000, 0x000000008a000000| Complete 
|  97|0x000000008a100000, 0x000000008a200000, 0x000000008a200000|100%| E|CS|TAMS 0x000000008a100000, 0x000000008a100000| Complete 
|  98|0x000000008a200000, 0x000000008a300000, 0x000000008a300000|100%| E|CS|TAMS 0x000000008a200000, 0x000000008a200000| Complete 
|  99|0x000000008a300000, 0x000000008a400000, 0x000000008a400000|100%| E|CS|TAMS 0x000000008a300000, 0x000000008a300000| Complete 
| 100|0x000000008a400000, 0x000000008a500000, 0x000000008a500000|100%| E|CS|TAMS 0x000000008a400000, 0x000000008a400000| Complete 
| 101|0x000000008a500000, 0x000000008a600000, 0x000000008a600000|100%| E|CS|TAMS 0x000000008a500000, 0x000000008a500000| Complete 
| 102|0x000000008a600000, 0x000000008a700000, 0x000000008a700000|100%| E|CS|TAMS 0x000000008a600000, 0x000000008a600000| Complete 
| 103|0x000000008a700000, 0x000000008a800000, 0x000000008a800000|100%| E|CS|TAMS 0x000000008a700000, 0x000000008a700000| Complete 
| 104|0x000000008a800000, 0x000000008a900000, 0x000000008a900000|100%| E|CS|TAMS 0x000000008a800000, 0x000000008a800000| Complete 
| 105|0x000000008a900000, 0x000000008aa00000, 0x000000008aa00000|100%| E|CS|TAMS 0x000000008a900000, 0x000000008a900000| Complete 
| 106|0x000000008aa00000, 0x000000008ab00000, 0x000000008ab00000|100%| E|CS|TAMS 0x000000008aa00000, 0x000000008aa00000| Complete 
| 107|0x000000008ab00000, 0x000000008ac00000, 0x000000008ac00000|100%| E|CS|TAMS 0x000000008ab00000, 0x000000008ab00000| Complete 
| 108|0x000000008ac00000, 0x000000008ad00000, 0x000000008ad00000|100%| E|CS|TAMS 0x000000008ac00000, 0x000000008ac00000| Complete 
| 109|0x000000008ad00000, 0x000000008ae00000, 0x000000008ae00000|100%| E|CS|TAMS 0x000000008ad00000, 0x000000008ad00000| Complete 
| 110|0x000000008ae00000, 0x000000008af00000, 0x000000008af00000|100%| E|CS|TAMS 0x000000008ae00000, 0x000000008ae00000| Complete 
| 111|0x000000008af00000, 0x000000008b000000, 0x000000008b000000|100%| E|CS|TAMS 0x000000008af00000, 0x000000008af00000| Complete 
| 112|0x000000008b000000, 0x000000008b100000, 0x000000008b100000|100%| E|CS|TAMS 0x000000008b000000, 0x000000008b000000| Complete 
| 113|0x000000008b100000, 0x000000008b200000, 0x000000008b200000|100%| E|CS|TAMS 0x000000008b100000, 0x000000008b100000| Complete 
| 114|0x000000008b200000, 0x000000008b300000, 0x000000008b300000|100%| E|CS|TAMS 0x000000008b200000, 0x000000008b200000| Complete 
| 115|0x000000008b300000, 0x000000008b400000, 0x000000008b400000|100%| E|CS|TAMS 0x000000008b300000, 0x000000008b300000| Complete 
| 116|0x000000008b400000, 0x000000008b500000, 0x000000008b500000|100%| E|CS|TAMS 0x000000008b400000, 0x000000008b400000| Complete 
| 117|0x000000008b500000, 0x000000008b600000, 0x000000008b600000|100%| E|CS|TAMS 0x000000008b500000, 0x000000008b500000| Complete 
| 118|0x000000008b600000, 0x000000008b700000, 0x000000008b700000|100%| E|CS|TAMS 0x000000008b600000, 0x000000008b600000| Complete 
| 119|0x000000008b700000, 0x000000008b800000, 0x000000008b800000|100%| E|CS|TAMS 0x000000008b700000, 0x000000008b700000| Complete 
| 120|0x000000008b800000, 0x000000008b900000, 0x000000008b900000|100%| E|CS|TAMS 0x000000008b800000, 0x000000008b800000| Complete 
| 121|0x000000008b900000, 0x000000008ba00000, 0x000000008ba00000|100%| E|CS|TAMS 0x000000008b900000, 0x000000008b900000| Complete 
| 122|0x000000008ba00000, 0x000000008bb00000, 0x000000008bb00000|100%| E|CS|TAMS 0x000000008ba00000, 0x000000008ba00000| Complete 
| 123|0x000000008bb00000, 0x000000008bc00000, 0x000000008bc00000|100%| E|CS|TAMS 0x000000008bb00000, 0x000000008bb00000| Complete 

Card table byte_map: [0x000001149d8c0000,0x000001149dca0000] _byte_map_base: 0x000001149d4a0000

Marking Bits (Prev, Next): (CMBitMap*) 0x000001148a6e9af0, (CMBitMap*) 0x000001148a6e9ab8
 Prev Bits: [0x000001149ff80000, 0x00000114a1e80000)
 Next Bits: [0x000001149e080000, 0x000001149ff80000)

Polling page: 0x0000011488650000

Metaspace:

Usage:
  Non-class:     26.67 MB capacity,    26.40 MB ( 99%) used,   228.30 KB ( <1%) free+waste,    46.94 KB ( <1%) overhead. 
      Class:      3.77 MB capacity,     3.57 MB ( 95%) used,   173.70 KB (  5%) free+waste,    22.63 KB ( <1%) overhead. 
       Both:     30.44 MB capacity,    29.98 MB ( 98%) used,   401.99 KB (  1%) free+waste,    69.56 KB ( <1%) overhead. 

Virtual space:
  Non-class space:       28.00 MB reserved,      26.75 MB ( 96%) committed 
      Class space:        1.00 GB reserved,       3.80 MB ( <1%) committed 
             Both:        1.03 GB reserved,      30.55 MB (  3%) committed 

Chunk freelists:
   Non-Class:  15.00 KB
       Class:  15.00 KB
        Both:  30.00 KB

MaxMetaspaceSize: 17179869184.00 GB
CompressedClassSpaceSize: 1.00 GB
Initial GC threshold: 20.80 MB
Current GC threshold: 35.08 MB
CDS: off

CodeHeap 'non-profiled nmethods': size=120000Kb used=856Kb max_used=856Kb free=119143Kb
 bounds [0x0000011495c80000, 0x0000011495ef0000, 0x000001149d1b0000]
CodeHeap 'profiled nmethods': size=120000Kb used=4393Kb max_used=4393Kb free=115606Kb
 bounds [0x000001148e750000, 0x000001148eba0000, 0x0000011495c80000]
CodeHeap 'non-nmethods': size=5760Kb used=1255Kb max_used=1308Kb free=4504Kb
 bounds [0x000001148e1b0000, 0x000001148e420000, 0x000001148e750000]
 total_blobs=2802 nmethods=2282 adapters=432
 compilation: enabled
              stopped_count=0, restarted_count=0
 full_count=0

Compilation events (20 events):
Event: 2.113 Thread 0x00000114a48fc000 nmethod 2262 0x0000011495d44e10 code [0x0000011495d44fc0, 0x0000011495d45138]
Event: 2.113 Thread 0x00000114a48fc000 2274       4       java.util.zip.ZipFile$ZipEntryIterator::hasMoreElements (5 bytes)
Event: 2.114 Thread 0x00000114a5200800 2278       3       jdk.internal.misc.Unsafe::checkSize (32 bytes)
Event: 2.114 Thread 0x00000114a48fc000 nmethod 2274 0x0000011495d45310 code [0x0000011495d454a0, 0x0000011495d45518]
Event: 2.114 Thread 0x00000114a48fc000 2241       4       java.util.zip.ZipFile::getZipEntry (325 bytes)
Event: 2.114 Thread 0x00000114a5200800 nmethod 2278 0x000001148eb94090 code [0x000001148eb94260, 0x000001148eb944c8]
Event: 2.116 Thread 0x00000114a5200800 2279       1       org.jetbrains.kotlin.cli.jvm.config.JvmClasspathRoot::getFile (5 bytes)
Event: 2.116 Thread 0x00000114a5200800 nmethod 2279 0x0000011495d45610 code [0x0000011495d457c0, 0x0000011495d45878]
Event: 2.116 Thread 0x00000114a5200800 2280       1       org.jetbrains.kotlin.com.intellij.openapi.diagnostic.DefaultLogger::isDebugEnabled (2 bytes)
Event: 2.116 Thread 0x00000114a5200800 nmethod 2280 0x0000011495d45910 code [0x0000011495d45ac0, 0x0000011495d45b78]
Event: 2.117 Thread 0x00000114a5200800 2282       3       jdk.internal.misc.Unsafe::copyMemory (33 bytes)
Event: 2.118 Thread 0x00000114a5200800 nmethod 2282 0x000001148eb94610 code [0x000001148eb948e0, 0x000001148eb955d8]
Event: 2.118 Thread 0x00000114a5200800 2281       3       jdk.internal.misc.Unsafe::checkOffset (32 bytes)
Event: 2.118 Thread 0x00000114a5200800 nmethod 2281 0x000001148eb95b90 code [0x000001148eb95d60, 0x000001148eb95fc8]
Event: 2.118 Thread 0x00000114a5200800 2283       3       sun.nio.fs.WindowsFileAttributes::isOther (26 bytes)
Event: 2.119 Thread 0x00000114a5200800 nmethod 2283 0x000001148eb96110 code [0x000001148eb962e0, 0x000001148eb96558]
Event: 2.119 Thread 0x00000114a5200800 2284       1       sun.nio.fs.WindowsFileAttributes::size (5 bytes)
Event: 2.119 Thread 0x00000114a5200800 nmethod 2284 0x0000011495d45c10 code [0x0000011495d45dc0, 0x0000011495d45e78]
Event: 2.122 Thread 0x00000114a5200800 2287       3       org.jetbrains.kotlin.com.intellij.util.containers.hash.LinkedHashMap::remove (174 bytes)
Event: 2.123 Thread 0x00000114a5200800 nmethod 2287 0x000001148eb96610 code [0x000001148eb96880, 0x000001148eb974e8]

GC Heap History (4 events):
Event: 0.531 GC heap before
{Heap before GC invocations=0 (full 0):
 garbage-first heap   total 126976K, used 27648K [0x0000000084000000, 0x0000000100000000)
  region size 1024K, 24 young (24576K), 0 survivors (0K)
 Metaspace       used 11943K, capacity 12082K, committed 12160K, reserved 1060864K
  class space    used 1075K, capacity 1109K, committed 1152K, reserved 1048576K
}
Event: 0.536 GC heap after
{Heap after GC invocations=1 (full 0):
 garbage-first heap   total 126976K, used 6345K [0x0000000084000000, 0x0000000100000000)
  region size 1024K, 3 young (3072K), 3 survivors (3072K)
 Metaspace       used 11943K, capacity 12082K, committed 12160K, reserved 1060864K
  class space    used 1075K, capacity 1109K, committed 1152K, reserved 1048576K
}
Event: 1.216 GC heap before
{Heap before GC invocations=1 (full 0):
 garbage-first heap   total 126976K, used 44233K [0x0000000084000000, 0x0000000100000000)
  region size 1024K, 41 young (41984K), 3 survivors (3072K)
 Metaspace       used 21040K, capacity 21205K, committed 21296K, reserved 1069056K
  class space    used 2233K, capacity 2307K, committed 2352K, reserved 1048576K
}
Event: 1.231 GC heap after
{Heap after GC invocations=2 (full 0):
 garbage-first heap   total 126976K, used 9934K [0x0000000084000000, 0x0000000100000000)
  region size 1024K, 7 young (7168K), 7 survivors (7168K)
 Metaspace       used 21040K, capacity 21205K, committed 21296K, reserved 1069056K
  class space    used 2233K, capacity 2307K, committed 2352K, reserved 1048576K
}

Deoptimization events (20 events):
Event: 1.923 Thread 0x000001148a6af000 Uncommon trap: trap_request=0xffffffde fr.pc=0x0000011495d1cc04 relative=0x0000000000000064
Event: 1.923 Thread 0x000001148a6af000 Uncommon trap: reason=class_check action=maybe_recompile pc=0x0000011495d1cc04 method=java.util.LinkedHashMap.afterNodeInsertion(Z)V @ 15 c2
Event: 1.923 Thread 0x000001148a6af000 DEOPT PACKING pc=0x0000011495d1cc04 sp=0x0000000a992fdd90
Event: 1.923 Thread 0x000001148a6af000 DEOPT UNPACKING pc=0x000001148e1b85af sp=0x0000000a992fdd08 mode 2
Event: 1.923 Thread 0x000001148a6af000 Uncommon trap: trap_request=0xffffffde fr.pc=0x0000011495d1cc04 relative=0x0000000000000064
Event: 1.923 Thread 0x000001148a6af000 Uncommon trap: reason=class_check action=maybe_recompile pc=0x0000011495d1cc04 method=java.util.LinkedHashMap.afterNodeInsertion(Z)V @ 15 c2
Event: 1.923 Thread 0x000001148a6af000 DEOPT PACKING pc=0x0000011495d1cc04 sp=0x0000000a992fdd90
Event: 1.923 Thread 0x000001148a6af000 DEOPT UNPACKING pc=0x000001148e1b85af sp=0x0000000a992fdd08 mode 2
Event: 1.943 Thread 0x000001148a6af000 Uncommon trap: trap_request=0xffffff4d fr.pc=0x0000011495c9e674 relative=0x0000000000000a94
Event: 1.943 Thread 0x000001148a6af000 Uncommon trap: reason=unstable_if action=reinterpret pc=0x0000011495c9e674 method=java.util.zip.ZipFile$Source.getEntryPos([BZ)I @ 156 c2
Event: 1.943 Thread 0x000001148a6af000 DEOPT PACKING pc=0x0000011495c9e674 sp=0x0000000a992fe070
Event: 1.943 Thread 0x000001148a6af000 DEOPT UNPACKING pc=0x000001148e1b85af sp=0x0000000a992fe010 mode 2
Event: 1.954 Thread 0x000001148a6af000 Uncommon trap: trap_request=0xffffffde fr.pc=0x0000011495d1cc04 relative=0x0000000000000064
Event: 1.954 Thread 0x000001148a6af000 Uncommon trap: reason=class_check action=maybe_recompile pc=0x0000011495d1cc04 method=java.util.LinkedHashMap.afterNodeInsertion(Z)V @ 15 c2
Event: 1.954 Thread 0x000001148a6af000 DEOPT PACKING pc=0x0000011495d1cc04 sp=0x0000000a992fdd90
Event: 1.954 Thread 0x000001148a6af000 DEOPT UNPACKING pc=0x000001148e1b85af sp=0x0000000a992fdd08 mode 2
Event: 1.954 Thread 0x000001148a6af000 Uncommon trap: trap_request=0xffffffde fr.pc=0x0000011495d1cc04 relative=0x0000000000000064
Event: 1.954 Thread 0x000001148a6af000 Uncommon trap: reason=class_check action=maybe_recompile pc=0x0000011495d1cc04 method=java.util.LinkedHashMap.afterNodeInsertion(Z)V @ 15 c2
Event: 1.954 Thread 0x000001148a6af000 DEOPT PACKING pc=0x0000011495d1cc04 sp=0x0000000a992fdd90
Event: 1.954 Thread 0x000001148a6af000 DEOPT UNPACKING pc=0x000001148e1b85af sp=0x0000000a992fdd08 mode 2

Classes redefined (0 events):
No events

Internal exceptions (20 events):
Event: 0.957 Thread 0x000001148a6af000 Exception <a 'java/lang/NoSuchMethodError'{0x0000000089f0e6d0}: 'long java.lang.invoke.Invokers$Holder.invoke_MT(java.lang.Object, java.lang.Object, java.lang.Object, java.lang.Object)'> (0x0000000089f0e6d0) thrown at [./src/hotspot/share/interpreter/linkResolver.cpp, line 773]
Event: 0.957 Thread 0x000001148a6af000 Exception <a 'java/lang/NoSuchMethodError'{0x0000000089f11d50}: 'long java.lang.invoke.DelegatingMethodHandle$Holder.reinvoke_L(java.lang.Object, java.lang.Object, java.lang.Object)'> (0x0000000089f11d50) thrown at [./src/hotspot/share/interpreter/linkResolver.cpp, line 773]
Event: 0.958 Thread 0x000001148a6af000 Exception <a 'java/lang/NoSuchMethodError'{0x0000000089f1ba10}: 'int java.lang.invoke.DirectMethodHandle$Holder.invokeSpecial(java.lang.Object, java.lang.Object, java.lang.Object, java.lang.Object)'> (0x0000000089f1ba10) thrown at [./src/hotspot/share/interpreter/linkResolver.cpp, line 773]
Event: 0.960 Thread 0x000001148a6af000 Exception <a 'java/lang/NoSuchMethodError'{0x0000000089f2a7f0}: 'int java.lang.invoke.DelegatingMethodHandle$Holder.reinvoke_L(java.lang.Object, java.lang.Object, java.lang.Object, long, int)'> (0x0000000089f2a7f0) thrown at [./src/hotspot/share/interpreter/linkResolver.cpp, line 773]
Event: 1.061 Thread 0x000001148a6af000 Exception <a 'java/lang/NoSuchMethodError'{0x0000000089bae218}: 'int java.lang.invoke.DirectMethodHandle$Holder.invokeSpecialIFC(java.lang.Object, java.lang.Object, int)'> (0x0000000089bae218) thrown at [./src/hotspot/share/interpreter/linkResolver.cpp, line 773]
Event: 1.198 Thread 0x000001148a6af000 Exception <a 'java/lang/NoSuchMethodError'{0x00000000893176c0}: 'java.lang.Object java.lang.invoke.DirectMethodHandle$Holder.invokeStaticInit(java.lang.Object, int)'> (0x00000000893176c0) thrown at [./src/hotspot/share/interpreter/linkResolver.cpp, line 773]
Event: 1.255 Thread 0x000001148a6af000 Exception <a 'java/lang/NoSuchMethodError'{0x000000008ba10578}: 'long java.lang.invoke.DirectMethodHandle$Holder.invokeStatic(java.lang.Object)'> (0x000000008ba10578) thrown at [./src/hotspot/share/interpreter/linkResolver.cpp, line 773]
Event: 1.255 Thread 0x000001148a6af000 Exception <a 'java/lang/NoSuchMethodError'{0x000000008ba133d0}: 'long java.lang.invoke.DirectMethodHandle$Holder.invokeStaticInit(java.lang.Object)'> (0x000000008ba133d0) thrown at [./src/hotspot/share/interpreter/linkResolver.cpp, line 773]
Event: 1.308 Thread 0x000001148a6af000 Exception <a 'java/lang/NoSuchMethodError'{0x000000008b7cc208}: 'int java.lang.invoke.DirectMethodHandle$Holder.invokeStaticInit(java.lang.Object, java.lang.Object, java.lang.Object)'> (0x000000008b7cc208) thrown at [./src/hotspot/share/interpreter/linkResolver.cpp, line 773]
Event: 1.312 Thread 0x000001148a6af000 Exception <a 'java/lang/NoSuchMethodError'{0x000000008b7f87d8}: 'int java.lang.invoke.DirectMethodHandle$Holder.invokeStaticInit(java.lang.Object, java.lang.Object)'> (0x000000008b7f87d8) thrown at [./src/hotspot/share/interpreter/linkResolver.cpp, line 773]
Event: 1.358 Thread 0x000001148a6af000 Exception <a 'java/lang/NoSuchMethodError'{0x000000008b41ab10}: 'void java.lang.invoke.DirectMethodHandle$Holder.invokeSpecial(java.lang.Object, java.lang.Object)'> (0x000000008b41ab10) thrown at [./src/hotspot/share/interpreter/linkResolver.cpp, line 773]
Event: 1.550 Thread 0x000001148a6af000 Exception <a 'java/lang/NoSuchMethodError'{0x000000008ac80e80}: 'java.lang.Object java.lang.invoke.DirectMethodHandle$Holder.invokeStatic(java.lang.Object, java.lang.Object, java.lang.Object, java.lang.Object, java.lang.Object, java.lang.Object, java.lang.Object, java.lang.Object, java.lang.Object, java.lang.Object, java.lang.Object, java.lang.Object, java.lang.Object, java.lang.Object, java.lang.Object)'> (0x000000008ac80e80) thrown at [./src/hotspot/share/interpreter/linkResolver.cpp, line 773]
Event: 1.552 Thread 0x000001148a6af000 Exception <a 'java/lang/NoSuchMethodError'{0x000000008ac8f180}: 'java.lang.Object java.lang.invoke.DirectMethodHandle$Holder.invokeStatic(java.lang.Object, java.lang.Object, java.lang.Object, java.lang.Object, java.lang.Object, java.lang.Object, java.lang.Object, java.lang.Object, java.lang.Object, java.lang.Object, java.lang.Object, java.lang.Object, java.lang.Object, java.lang.Object, java.lang.Object, java.lang.Object)'> (0x000000008ac8f180) thrown at [./src/hotspot/share/interpreter/linkResolver.cpp, l
Event: 1.553 Thread 0x000001148a6af000 Exception <a 'java/lang/NoSuchMethodError'{0x000000008ac9d098}: 'java.lang.Object java.lang.invoke.DirectMethodHandle$Holder.invokeSpecial(java.lang.Object, java.lang.Object, int, int, java.lang.Object, java.lang.Object, java.lang.Object)'> (0x000000008ac9d098) thrown at [./src/hotspot/share/interpreter/linkResolver.cpp, line 773]
Event: 1.553 Thread 0x000001148a6af000 Exception <a 'java/lang/NoSuchMethodError'{0x000000008aca08d0}: 'java.lang.Object java.lang.invoke.DelegatingMethodHandle$Holder.reinvoke_L(java.lang.Object, int, int, java.lang.Object, java.lang.Object, java.lang.Object)'> (0x000000008aca08d0) thrown at [./src/hotspot/share/interpreter/linkResolver.cpp, line 773]
Event: 1.554 Thread 0x000001148a6af000 Exception <a 'java/lang/NoSuchMethodError'{0x000000008aca4c58}: 'java.lang.Object java.lang.invoke.DirectMethodHandle$Holder.invokeStatic(java.lang.Object, java.lang.Object, java.lang.Object, java.lang.Object, int)'> (0x000000008aca4c58) thrown at [./src/hotspot/share/interpreter/linkResolver.cpp, line 773]
Event: 1.595 Thread 0x000001148a6af000 Exception <a 'java/lang/NoSuchMethodError'{0x000000008abce548}: 'void java.lang.invoke.DirectMethodHandle$Holder.invokeStatic(java.lang.Object, java.lang.Object, java.lang.Object, java.lang.Object)'> (0x000000008abce548) thrown at [./src/hotspot/share/interpreter/linkResolver.cpp, line 773]
Event: 1.670 Thread 0x000001148a6af000 Exception <a 'java/lang/NoSuchMethodError'{0x000000008a7c3070}: 'void java.lang.invoke.DirectMethodHandle$Holder.invokeStaticInit(java.lang.Object, java.lang.Object)'> (0x000000008a7c3070) thrown at [./src/hotspot/share/interpreter/linkResolver.cpp, line 773]
Event: 1.765 Thread 0x000001148a6af000 Exception <a 'java/lang/NoSuchMethodError'{0x000000008a2087e0}: 'void java.lang.invoke.DirectMethodHandle$Holder.invokeVirtual(java.lang.Object, java.lang.Object)'> (0x000000008a2087e0) thrown at [./src/hotspot/share/interpreter/linkResolver.cpp, line 773]
Event: 1.779 Thread 0x000001148a6af000 Exception <a 'java/lang/NoSuchMethodError'{0x000000008a293ec8}: 'int java.lang.invoke.DirectMethodHandle$Holder.invokeVirtual(java.lang.Object, java.lang.Object)'> (0x000000008a293ec8) thrown at [./src/hotspot/share/interpreter/linkResolver.cpp, line 773]

Events (20 events):
Event: 1.949 loading class org/jetbrains/kotlin/com/intellij/openapi/vfs/impl/jar/CoreJarVirtualFile
Event: 1.949 loading class org/jetbrains/kotlin/com/intellij/openapi/vfs/impl/jar/CoreJarVirtualFile done
Event: 1.949 loading class org/jetbrains/kotlin/com/intellij/openapi/vfs/impl/jar/CoreJarVirtualFile
Event: 1.949 loading class org/jetbrains/kotlin/com/intellij/openapi/vfs/impl/jar/CoreJarVirtualFile done
Event: 1.949 loading class org/jetbrains/kotlin/com/intellij/util/Function
Event: 1.949 loading class org/jetbrains/kotlin/com/intellij/util/Function done
Event: 1.949 loading class org/jetbrains/kotlin/com/intellij/util/containers/FactoryMap
Event: 1.949 loading class org/jetbrains/kotlin/com/intellij/util/containers/FactoryMap done
Event: 1.950 loading class org/jetbrains/kotlin/com/intellij/util/containers/FactoryMap$1
Event: 1.950 loading class org/jetbrains/kotlin/com/intellij/util/containers/FactoryMap$1 done
Event: 1.950 loading class org/jetbrains/kotlin/com/intellij/openapi/util/io/BufferExposingByteArrayInputStream
Event: 1.950 loading class org/jetbrains/kotlin/com/intellij/openapi/util/io/BufferExposingByteArrayInputStream done
Event: 1.951 loading class org/jetbrains/kotlin/com/intellij/util/io/UnsyncByteArrayInputStream
Event: 1.951 loading class org/jetbrains/kotlin/com/intellij/util/io/UnsyncByteArrayInputStream done
Event: 1.952 loading class org/jetbrains/kotlin/com/intellij/util/Function
Event: 1.952 loading class org/jetbrains/kotlin/com/intellij/util/Function done
Event: 1.953 loading class java/util/AbstractMap$SimpleEntry
Event: 1.953 loading class java/util/AbstractMap$SimpleEntry done
Event: 1.988 loading class java/io/RandomAccessFile$1
Event: 1.988 loading class java/io/RandomAccessFile$1 done


Dynamic libraries:
0x00007ff6197a0000 - 0x00007ff6197aa000 	C:\Program Files\Android\Android Studio\jre\bin\java.exe
0x00007ff99eb30000 - 0x00007ff99ed44000 	C:\WINDOWS\SYSTEM32\ntdll.dll
0x00007ff99d7e0000 - 0x00007ff99d8a2000 	C:\WINDOWS\System32\KERNEL32.DLL
0x00007ff99bfb0000 - 0x00007ff99c353000 	C:\WINDOWS\System32\KERNELBASE.dll
0x00007ff99c590000 - 0x00007ff99c6a1000 	C:\WINDOWS\System32\ucrtbase.dll
0x00007ff928830000 - 0x00007ff928849000 	C:\Program Files\Android\Android Studio\jre\bin\jli.dll
0x00007ff928850000 - 0x00007ff928867000 	C:\Program Files\Android\Android Studio\jre\bin\VCRUNTIME140.dll
0x00007ff99d510000 - 0x00007ff99d6bb000 	C:\WINDOWS\System32\USER32.dll
0x00007ff986520000 - 0x00007ff9867ae000 	C:\WINDOWS\WinSxS\amd64_microsoft.windows.common-controls_6595b64144ccf1df_6.0.22621.1635_none_270f70857386168e\COMCTL32.dll
0x00007ff99c6b0000 - 0x00007ff99c6d6000 	C:\WINDOWS\System32\win32u.dll
0x00007ff99d130000 - 0x00007ff99d1d7000 	C:\WINDOWS\System32\msvcrt.dll
0x00007ff99c9e0000 - 0x00007ff99ca09000 	C:\WINDOWS\System32\GDI32.dll
0x00007ff99c750000 - 0x00007ff99c869000 	C:\WINDOWS\System32\gdi32full.dll
0x00007ff99c870000 - 0x00007ff99c90a000 	C:\WINDOWS\System32\msvcp_win.dll
0x00007ff99da10000 - 0x00007ff99da41000 	C:\WINDOWS\System32\IMM32.DLL
0x00007ff928790000 - 0x00007ff92882d000 	C:\Program Files\Android\Android Studio\jre\bin\msvcp140.dll
0x00007ff92c290000 - 0x00007ff92cd75000 	C:\Program Files\Android\Android Studio\jre\bin\server\jvm.dll
0x00007ff99c920000 - 0x00007ff99c9ce000 	C:\WINDOWS\System32\ADVAPI32.dll
0x00007ff99d080000 - 0x00007ff99d124000 	C:\WINDOWS\System32\sechost.dll
0x00007ff99d3e0000 - 0x00007ff99d4f7000 	C:\WINDOWS\System32\RPCRT4.dll
0x00007ff99d500000 - 0x00007ff99d508000 	C:\WINDOWS\System32\PSAPI.DLL
0x00007ff97e360000 - 0x00007ff97e369000 	C:\WINDOWS\SYSTEM32\WSOCK32.dll
0x00007ff9940c0000 - 0x00007ff9940ca000 	C:\WINDOWS\SYSTEM32\VERSION.dll
0x00007ff9941a0000 - 0x00007ff9941d4000 	C:\WINDOWS\SYSTEM32\WINMM.dll
0x00007ff99da50000 - 0x00007ff99dac1000 	C:\WINDOWS\System32\WS2_32.dll
0x00007ff99af30000 - 0x00007ff99af48000 	C:\WINDOWS\SYSTEM32\kernel.appcore.dll
0x00007ff96cfa0000 - 0x00007ff96cfb1000 	C:\Program Files\Android\Android Studio\jre\bin\verify.dll
0x00007ff9997e0000 - 0x00007ff999a0e000 	C:\WINDOWS\SYSTEM32\DBGHELP.DLL
0x00007ff99ca10000 - 0x00007ff99cd99000 	C:\WINDOWS\System32\combase.dll
0x00007ff99d8b0000 - 0x00007ff99d987000 	C:\WINDOWS\System32\OLEAUT32.dll
0x00007ff9824d0000 - 0x00007ff982502000 	C:\WINDOWS\SYSTEM32\dbgcore.DLL
0x00007ff99bf30000 - 0x00007ff99bfab000 	C:\WINDOWS\System32\bcryptPrimitives.dll
0x00007ff96c620000 - 0x00007ff96c649000 	C:\Program Files\Android\Android Studio\jre\bin\java.dll
0x00007ff977880000 - 0x00007ff97788b000 	C:\Program Files\Android\Android Studio\jre\bin\jimage.dll
0x00007ff968670000 - 0x00007ff968688000 	C:\Program Files\Android\Android Studio\jre\bin\zip.dll
0x00007ff99e0e0000 - 0x00007ff99e8da000 	C:\WINDOWS\System32\SHELL32.dll
0x00007ff999f30000 - 0x00007ff99a7fe000 	C:\WINDOWS\SYSTEM32\windows.storage.dll
0x00007ff999df0000 - 0x00007ff999f2e000 	C:\WINDOWS\SYSTEM32\wintypes.dll
0x00007ff99dad0000 - 0x00007ff99dbc1000 	C:\WINDOWS\System32\SHCORE.dll
0x00007ff99d990000 - 0x00007ff99d9ee000 	C:\WINDOWS\System32\shlwapi.dll
0x00007ff99be60000 - 0x00007ff99be81000 	C:\WINDOWS\SYSTEM32\profapi.dll
0x00007ff968650000 - 0x00007ff96866a000 	C:\Program Files\Android\Android Studio\jre\bin\net.dll
0x00007ff993d60000 - 0x00007ff993e97000 	C:\WINDOWS\SYSTEM32\WINHTTP.dll
0x00007ff99b3f0000 - 0x00007ff99b459000 	C:\WINDOWS\system32\mswsock.dll
0x00007ff968480000 - 0x00007ff968494000 	C:\Program Files\Android\Android Studio\jre\bin\nio.dll

dbghelp: loaded successfully - version: 4.0.5 - missing functions: none
symbol engine: initialized successfully - sym options: 0x614 - pdb path: .;C:\Program Files\Android\Android Studio\jre\bin;C:\WINDOWS\SYSTEM32;C:\WINDOWS\WinSxS\amd64_microsoft.windows.common-controls_6595b64144ccf1df_6.0.22621.1635_none_270f70857386168e;C:\Program Files\Android\Android Studio\jre\bin\server

VM Arguments:
java_command: org.jetbrains.kotlin.cli.jvm.K2JVMCompiler @C:\Users\Vishal Anand\Desktop\TLC Analyzer\app\build\20230711_418352624870102254.compiler.options
java_class_path (initial): C:\Users\Vishal Anand\Desktop\AI Can Code\uBackup-SMS\caches\modules-2\files-2.1\org.jetbrains.kotlin\kotlin-compiler-embeddable\1.7.10\909803167c98606fcf22b4c848647c68e351d48d\kotlin-compiler-embeddable-1.7.10.jar;C:\Users\Vishal Anand\Desktop\AI Can Code\uBackup-SMS\caches\modules-2\files-2.1\org.jetbrains.kotlin\kotlin-reflect\1.7.10\165e600dfea6185cf5efa700756294cc4904dbeb\kotlin-reflect-1.7.10.jar;C:\Users\Vishal Anand\Desktop\AI Can Code\uBackup-SMS\caches\modules-2\files-2.1\org.jetbrains.kotlin\kotlin-stdlib\1.7.10\d2abf9e77736acc4450dc4a3f707fa2c10f5099d\kotlin-stdlib-1.7.10.jar;C:\Users\Vishal Anand\Desktop\AI Can Code\uBackup-SMS\caches\modules-2\files-2.1\org.jetbrains.kotlin\kotlin-script-runtime\1.7.10\c99c87a6988d8fd8d5142e9ed5c9f34a7cf561ee\kotlin-script-runtime-1.7.10.jar;C:\Users\Vishal Anand\Desktop\AI Can Code\uBackup-SMS\caches\modules-2\files-2.1\org.jetbrains.kotlin\kotlin-daemon-embeddable\1.7.10\3a9f7aef7080d3ae63126cbba4f827ed664f32fa\kotlin-daemon-embeddable-1.7.10.jar;C:\Users\Vishal Anand\Desktop\AI Can Code\uBackup-SMS\caches\modules-2\files-2.1\org.jetbrains.intellij.deps\trove4j\1.0.20200330\3afb14d5f9ceb459d724e907a21145e8ff394f02\trove4j-1.0.20200330.jar;C:\Users\Vishal Anand\Desktop\AI Can Code\uBackup-SMS\caches\modules-2\files-2.1\net.java.dev.jna\jna\5.6.0\330f2244e9030119ab3030fc3fededc86713d9cc\jna-5.6.0.jar;C:\Users\Vishal Anand\Desktop\AI Can Code\uBackup-SMS\caches\modules-2\files-2.1\org.jetbrains.kotlin\kotlin-stdlib-common\1.7.10\bac80c520d0a9e3f3673bc2658c6ed02ef45a76a\kotlin-stdlib-common-1.7.10.jar;C:\Users\Vishal Anand\Desktop\AI Can Code\uBackup-SMS\caches\modules-2\files-2.1\org.jetbrains\annotations\13.0\919f0dfe192fb4e063e7dacadee7f8bb9a2672a9\annotations-13.0.jar
Launcher Type: SUN_STANDARD

[Global flags]
     intx CICompilerCount                          = 4                                         {product} {ergonomic}
     uint ConcGCThreads                            = 2                                         {product} {ergonomic}
     uint G1ConcRefinementThreads                  = 8                                         {product} {ergonomic}
   size_t G1HeapRegionSize                         = 1048576                                   {product} {ergonomic}
    uintx GCDrainStackTargetSize                   = 64                                        {product} {ergonomic}
   size_t InitialHeapSize                          = 130023424                                 {product} {ergonomic}
   size_t MarkStackSize                            = 4194304                                   {product} {ergonomic}
   size_t MaxHeapSize                              = 2080374784                                {product} {ergonomic}
   size_t MaxNewSize                               = 1247805440                                {product} {ergonomic}
   size_t MinHeapDeltaBytes                        = 1048576                                   {product} {ergonomic}
    uintx NonNMethodCodeHeapSize                   = 5836300                                {pd product} {ergonomic}
    uintx NonProfiledCodeHeapSize                  = 122910970                              {pd product} {ergonomic}
    uintx ProfiledCodeHeapSize                     = 122910970                              {pd product} {ergonomic}
    uintx ReservedCodeCacheSize                    = 251658240                              {pd product} {ergonomic}
     bool SegmentedCodeCache                       = true                                      {product} {ergonomic}
     bool UseCompressedClassPointers               = true                                 {lp64_product} {ergonomic}
     bool UseCompressedOops                        = true                                 {lp64_product} {ergonomic}
     bool UseG1GC                                  = true                                      {product} {ergonomic}
     bool UseLargePagesIndividualAllocation        = false                                  {pd product} {ergonomic}

Logging:
Log output configuration:
 #0: stdout all=warning uptime,level,tags
 #1: stderr all=off uptime,level,tags

Environment Variables:
PATH=C:\Program Files\Common Files\Oracle\Java\javapath;C:\WINDOWS\system32;C:\WINDOWS;C:\WINDOWS\System32\Wbem;C:\WINDOWS\System32\WindowsPowerShell\v1.0\;C:\WINDOWS\System32\OpenSSH\;C:\webdriver;C:\Program Files\nodejs\;C:\Program Files\Java\jdk-16.0.1\bin;C:\Users\Vishal Anand\Gradle\gradle-7.3.2-all\gradle-7.3.2\bin;C:\Users\Vishal Anand\Desktop\temp\OPENSSL\bin;C:\Program Files\Git\cmd;C:\Program Files\dotnet\;C:\Users\Vishal Anand\AppData\Local\Programs\Python\Python311\Scripts\;C:\Users\Vishal Anand\AppData\Local\Programs\Python\Python311\;C:\Users\Vishal Anand\AppData\Local\Programs\Python\Python310\Scripts\;C:\Users\Vishal Anand\AppData\Local\Programs\Python\Python310\;C:\Users\Vishal Anand\AppData\Local\Programs\Python\Python39\Scripts\;C:\Users\Vishal Anand\AppData\Local\Microsoft\WindowsApps;C:\Users\Vishal Anand\AppData\Local\Programs\Python\Python39\;C:\Users\Vishal Anand\OneDrive\Desktop\platform-tools_r31.0.0-windows\platform-tools;;C:\Users\Vishal Anand\AppData\Local\Programs\Microsoft VS Code\bin;C:\Users\Vishal Anand\AppData\Roaming\npm;C:\Users\Vishal Anand\.dotnet\tools
USERNAME=Vishal Anand
OS=Windows_NT
PROCESSOR_IDENTIFIER=Intel64 Family 6 Model 126 Stepping 5, GenuineIntel



---------------  S Y S T E M  ---------------

OS: Windows 10 , 64 bit Build 22621 (10.0.22621.1778)
OS uptime: 0 days 0:16 hours

CPU:total 8 (initial active 8) (4 cores per cpu, 2 threads per core) family 6 model 126 stepping 5 microcode 0xa0, cmov, cx8, fxsr, mmx, sse, sse2, sse3, ssse3, sse4.1, sse4.2, popcnt, avx, avx2, aes, clmul, erms, 3dnowpref, lzcnt, ht, tsc, tscinvbit, bmi1, bmi2, adx, evex, sha, fma

Memory: 4k page, system-wide physical 7930M (481M free)
TotalPageFile size 9715M (AvailPageFile size 15M)
current process WorkingSet (physical memory assigned to process): 167M, peak: 174M
current process commit charge ("private bytes"): 274M, peak: 281M

vm_info: OpenJDK 64-Bit Server VM (11.0.12+7-b1504.28-7817840) for windows-amd64 JRE (11.0.12+7-b1504.28-7817840), built on Oct 13 2021 22:12:33 by "builder" with MS VC++ 14.0 (VS2015)

END.
