#
# There is insufficient memory for the Java Runtime Environment to continue.
# Native memory allocation (malloc) failed to allocate 32744 bytes for ChunkPool::allocate
# Possible reasons:
#   The system is out of physical RAM or swap space
#   The process is running with CompressedOops enabled, and the Java Heap may be blocking the growth of the native heap
# Possible solutions:
#   Reduce memory load on the system
#   Increase physical memory or swap space
#   Check if swap backing store is full
#   Decrease Java heap size (-Xmx/-Xms)
#   Decrease number of Java threads
#   Decrease Java thread stack sizes (-Xss)
#   Set larger code cache with -XX:ReservedCodeCacheSize=
#   JVM is running with Unscaled Compressed Oops mode in which the Java heap is
#     placed in the first 4GB address space. The Java Heap base address is the
#     maximum limit for the native heap growth. Please use -XX:HeapBaseMinAddress
#     to set the Java Heap base and to place the Java Heap above 4GB virtual address.
# This output file may be truncated or incomplete.
#
#  Out of Memory Error (./src/hotspot/share/memory/arena.cpp:81), pid=1824, tid=2740
#
# JRE version: OpenJDK Runtime Environment (11.0.12+7) (build 11.0.12+7-b1504.28-7817840)
# Java VM: OpenJDK 64-Bit Server VM (11.0.12+7-b1504.28-7817840, mixed mode, tiered, compressed oops, g1 gc, windows-amd64)
# No core dump will be written. Minidumps are not enabled by default on client versions of Windows
#

---------------  S U M M A R Y ------------

Command Line: --add-opens=java.base/java.util=ALL-UNNAMED --add-opens=java.base/java.lang=ALL-UNNAMED --add-opens=java.base/java.lang.invoke=ALL-UNNAMED --add-opens=java.base/java.util=ALL-UNNAMED --add-opens=java.prefs/java.util.prefs=ALL-UNNAMED --add-opens=java.prefs/java.util.prefs=ALL-UNNAMED --add-opens=java.base/java.nio.charset=ALL-UNNAMED --add-opens=java.base/java.net=ALL-UNNAMED --add-opens=java.base/java.util.concurrent.atomic=ALL-UNNAMED -Xmx2048m -Dfile.encoding=UTF-8 -Duser.country=IN -Duser.language=en -Duser.variant org.gradle.launcher.daemon.bootstrap.GradleDaemon 7.3.3

Host: Intel(R) Core(TM) i5-1035G1 CPU @ 1.00GHz, 8 cores, 7G,  Windows 10 , 64 bit Build 22621 (10.0.22621.1778)
Time: Sat Jul  8 10:29:09 2023 India Standard Time elapsed time: 2788.876606 seconds (0d 0h 46m 28s)

---------------  T H R E A D  ---------------

Current thread (0x000001ad6c3ce000):  JavaThread "C2 CompilerThread1" daemon [_thread_in_native, id=2740, stack(0x0000005706100000,0x0000005706200000)]


Current CompileTask:
C2:2788876 9525       4       java.lang.StringBuilder::append (8 bytes)

Stack: [0x0000005706100000,0x0000005706200000]
Native frames: (J=compiled Java code, j=interpreted, Vv=VM code, C=native code)
V  [jvm.dll+0x5fbcea]
V  [jvm.dll+0x731905]
V  [jvm.dll+0x732f1d]
V  [jvm.dll+0x7335d3]
V  [jvm.dll+0x247bf8]
V  [jvm.dll+0xc041b]
V  [jvm.dll+0xc06cc]
V  [jvm.dll+0xc02cc]
V  [jvm.dll+0x6282e0]
V  [jvm.dll+0x591c08]
V  [jvm.dll+0x2004a2]
V  [jvm.dll+0x1ff794]
V  [jvm.dll+0x18868c]
V  [jvm.dll+0x20e0d7]
V  [jvm.dll+0x20c901]
V  [jvm.dll+0x6f9b7f]
V  [jvm.dll+0x6f26a5]
V  [jvm.dll+0x5fabf6]
C  [ucrtbase.dll+0x29363]
C  [KERNEL32.DLL+0x126ad]
C  [ntdll.dll+0x5a9f8]


---------------  P R O C E S S  ---------------

Threads class SMR info:
_java_thread_list=0x000001ad6b411530, length=43, elements={
0x000001ad4f4fb000, 0x000001ad69995000, 0x000001ad699a2800, 0x000001ad699ac000,
0x000001ad699ad000, 0x000001ad699ae800, 0x000001ad699b1000, 0x000001ad699b6000,
0x000001ad6a327000, 0x000001ad6a46f000, 0x000001ad6c2ed800, 0x000001ad6a70e800,
0x000001ad6b5a0000, 0x000001ad6cdb6000, 0x000001ad6cdb7800, 0x000001ad6cdb8800,
0x000001ad6cdb9800, 0x000001ad6cdb3800, 0x000001ad6cdb4800, 0x000001ad6cdb5000,
0x000001ad6d855000, 0x000001ad6d857000, 0x000001ad6d856000, 0x000001ad6d857800,
0x000001ad6d85b800, 0x000001ad6d859000, 0x000001ad6d85c800, 0x000001ad6d860800,
0x000001ad7015a800, 0x000001ad70157000, 0x000001ad70151800, 0x000001ad70153000,
0x000001ad70154000, 0x000001ad70155800, 0x000001ad70150800, 0x000001ad70155000,
0x000001ad70150000, 0x000001ad70158000, 0x000001ad70156800, 0x000001ad70152800,
0x000001ad7015b800, 0x000001ad6c3ce000, 0x000001ad7015e800
}

Java Threads: ( => current thread )
  0x000001ad4f4fb000 JavaThread "main" [_thread_blocked, id=16740, stack(0x0000005703600000,0x0000005703700000)]
  0x000001ad69995000 JavaThread "Reference Handler" daemon [_thread_blocked, id=6988, stack(0x0000005703d00000,0x0000005703e00000)]
  0x000001ad699a2800 JavaThread "Finalizer" daemon [_thread_blocked, id=3540, stack(0x0000005703e00000,0x0000005703f00000)]
  0x000001ad699ac000 JavaThread "Signal Dispatcher" daemon [_thread_blocked, id=6336, stack(0x0000005703f00000,0x0000005704000000)]
  0x000001ad699ad000 JavaThread "Attach Listener" daemon [_thread_blocked, id=7456, stack(0x0000005704000000,0x0000005704100000)]
  0x000001ad699ae800 JavaThread "Service Thread" daemon [_thread_blocked, id=1864, stack(0x0000005704100000,0x0000005704200000)]
  0x000001ad699b1000 JavaThread "C2 CompilerThread0" daemon [_thread_in_native, id=17604, stack(0x0000005704200000,0x0000005704300000)]
  0x000001ad699b6000 JavaThread "C1 CompilerThread0" daemon [_thread_blocked, id=10340, stack(0x0000005704300000,0x0000005704400000)]
  0x000001ad6a327000 JavaThread "Sweeper thread" daemon [_thread_blocked, id=9100, stack(0x0000005704400000,0x0000005704500000)]
  0x000001ad6a46f000 JavaThread "Common-Cleaner" daemon [_thread_blocked, id=2552, stack(0x0000005704500000,0x0000005704600000)]
  0x000001ad6c2ed800 JavaThread "Daemon health stats" [_thread_blocked, id=7744, stack(0x0000005704a00000,0x0000005704b00000)]
  0x000001ad6a70e800 JavaThread "Incoming local TCP Connector on port 51115" [_thread_in_native, id=17492, stack(0x0000005704700000,0x0000005704800000)]
  0x000001ad6b5a0000 JavaThread "Daemon periodic checks" [_thread_blocked, id=5404, stack(0x0000005704800000,0x0000005704900000)]
  0x000001ad6cdb6000 JavaThread "Cache worker for journal cache (C:\Users\Vishal Anand\.gradle\caches\journal-1)" [_thread_blocked, id=3584, stack(0x0000005705900000,0x0000005705a00000)]
  0x000001ad6cdb7800 JavaThread "File lock request listener" [_thread_in_native, id=3744, stack(0x0000005705a00000,0x0000005705b00000)]
  0x000001ad6cdb8800 JavaThread "Cache worker for file hash cache (C:\Users\Vishal Anand\.gradle\caches\7.3.3\fileHashes)" [_thread_blocked, id=18300, stack(0x0000005705b00000,0x0000005705c00000)]
  0x000001ad6cdb9800 JavaThread "File watcher server" daemon [_thread_in_native, id=6500, stack(0x0000005705f00000,0x0000005706000000)]
  0x000001ad6cdb3800 JavaThread "File watcher consumer" daemon [_thread_blocked, id=644, stack(0x0000005706000000,0x0000005706100000)]
  0x000001ad6cdb4800 JavaThread "jar transforms" [_thread_blocked, id=16392, stack(0x0000005706200000,0x0000005706300000)]
  0x000001ad6cdb5000 JavaThread "jar transforms Thread 2" [_thread_blocked, id=2228, stack(0x0000005706300000,0x0000005706400000)]
  0x000001ad6d855000 JavaThread "jar transforms Thread 3" [_thread_blocked, id=15204, stack(0x0000005706400000,0x0000005706500000)]
  0x000001ad6d857000 JavaThread "jar transforms Thread 4" [_thread_blocked, id=2140, stack(0x0000005706500000,0x0000005706600000)]
  0x000001ad6d856000 JavaThread "jar transforms Thread 5" [_thread_blocked, id=18056, stack(0x0000005706600000,0x0000005706700000)]
  0x000001ad6d857800 JavaThread "jar transforms Thread 6" [_thread_blocked, id=9608, stack(0x0000005706700000,0x0000005706800000)]
  0x000001ad6d85b800 JavaThread "Cache worker for execution history cache (C:\Users\Vishal Anand\.gradle\caches\7.3.3\executionHistory)" [_thread_blocked, id=18332, stack(0x0000005706b00000,0x0000005706c00000)]
  0x000001ad6d859000 JavaThread "jar transforms Thread 7" [_thread_blocked, id=68, stack(0x0000005706c00000,0x0000005706d00000)]
  0x000001ad6d85c800 JavaThread "Cache worker for file content cache (C:\Users\Vishal Anand\.gradle\caches\7.3.3\fileContent)" [_thread_blocked, id=17680, stack(0x0000005706d00000,0x0000005706e00000)]
  0x000001ad6d860800 JavaThread "jar transforms Thread 8" [_thread_blocked, id=8360, stack(0x0000005706e00000,0x0000005706f00000)]
  0x000001ad7015a800 JavaThread "Memory manager" [_thread_blocked, id=9864, stack(0x000000570c100000,0x000000570c200000)]
  0x000001ad70157000 JavaThread "pool-3-thread-1" [_thread_blocked, id=17236, stack(0x0000005705d00000,0x0000005705e00000)]
  0x000001ad70151800 JavaThread "Daemon Thread 2" [_thread_blocked, id=7248, stack(0x0000005703300000,0x0000005703400000)]
  0x000001ad70153000 JavaThread "Handler for socket connection from /127.0.0.1:51115 to /127.0.0.1:51624" [_thread_in_native, id=6344, stack(0x0000005703400000,0x0000005703500000)]
  0x000001ad70154000 JavaThread "Cancel handler" [_thread_blocked, id=16972, stack(0x0000005703500000,0x0000005703600000)]
  0x000001ad70155800 JavaThread "Daemon worker Thread 2" [_thread_in_Java, id=13032, stack(0x0000005704b00000,0x0000005704c00000)]
  0x000001ad70150800 JavaThread "Asynchronous log dispatcher for DefaultDaemonConnection: socket connection from /127.0.0.1:51115 to /127.0.0.1:51624" [_thread_blocked, id=6832, stack(0x0000005704c00000,0x0000005704d00000)]
  0x000001ad70155000 JavaThread "Stdin handler" [_thread_blocked, id=6676, stack(0x0000005704d00000,0x0000005704e00000)]
  0x000001ad70150000 JavaThread "Daemon client event forwarder" [_thread_blocked, id=9992, stack(0x0000005704e00000,0x0000005704f00000)]
  0x000001ad70158000 JavaThread "Cache worker for file hash cache (C:\Users\Vishal Anand\Desktop\TLC Analyzer\.gradle\7.3.3\fileHashes)" [_thread_blocked, id=4376, stack(0x0000005704f00000,0x0000005705000000)]
  0x000001ad70156800 JavaThread "Cache worker for checksums cache (C:\Users\Vishal Anand\Desktop\TLC Analyzer\.gradle\7.3.3\checksums)" [_thread_blocked, id=17300, stack(0x0000005705000000,0x0000005705100000)]
  0x000001ad70152800 JavaThread "Cache worker for cache directory md-supplier (C:\Users\Vishal Anand\.gradle\caches\7.3.3\md-supplier)" [_thread_blocked, id=4348, stack(0x0000005705100000,0x0000005705200000)]
  0x000001ad7015b800 JavaThread "Cache worker for cache directory md-rule (C:\Users\Vishal Anand\.gradle\caches\7.3.3\md-rule)" [_thread_blocked, id=15580, stack(0x0000005705e00000,0x0000005705f00000)]
=>0x000001ad6c3ce000 JavaThread "C2 CompilerThread1" daemon [_thread_in_native, id=2740, stack(0x0000005706100000,0x0000005706200000)]
  0x000001ad7015e800 JavaThread "Cache worker for dependencies-accessors (C:\Users\Vishal Anand\Desktop\TLC Analyzer\.gradle\7.3.3\dependencies-accessors)" [_thread_blocked, id=11696, stack(0x0000005706800000,0x0000005706900000)]

Other Threads:
  0x000001ad69990000 VMThread "VM Thread" [stack: 0x0000005703c00000,0x0000005703d00000] [id=12056]
  0x000001ad6a470000 WatcherThread [stack: 0x0000005704600000,0x0000005704700000] [id=4224]
  0x000001ad4f516800 GCTaskThread "GC Thread#0" [stack: 0x0000005703700000,0x0000005703800000] [id=6100]
  0x000001ad6b191800 GCTaskThread "GC Thread#1" [stack: 0x0000005704900000,0x0000005704a00000] [id=6960]
  0x000001ad6d3c5800 GCTaskThread "GC Thread#2" [stack: 0x0000005705200000,0x0000005705300000] [id=18088]
  0x000001ad6c976800 GCTaskThread "GC Thread#3" [stack: 0x0000005705300000,0x0000005705400000] [id=14024]
  0x000001ad6bb3c000 GCTaskThread "GC Thread#4" [stack: 0x0000005705400000,0x0000005705500000] [id=16544]
  0x000001ad6c2b4800 GCTaskThread "GC Thread#5" [stack: 0x0000005705500000,0x0000005705600000] [id=13464]
  0x000001ad6bd52000 GCTaskThread "GC Thread#6" [stack: 0x0000005705600000,0x0000005705700000] [id=5556]
  0x000001ad6b65e800 GCTaskThread "GC Thread#7" [stack: 0x0000005705700000,0x0000005705800000] [id=15968]
  0x000001ad4f546000 ConcurrentGCThread "G1 Main Marker" [stack: 0x0000005703800000,0x0000005703900000] [id=7256]
  0x000001ad4f548800 ConcurrentGCThread "G1 Conc#0" [stack: 0x0000005703900000,0x0000005703a00000] [id=7676]
  0x000001ad6b81f800 ConcurrentGCThread "G1 Conc#1" [stack: 0x0000005705c00000,0x0000005705d00000] [id=2844]
  0x000001ad697e0800 ConcurrentGCThread "G1 Refine#0" [stack: 0x0000005703a00000,0x0000005703b00000] [id=17484]
  0x000001ad6c423800 ConcurrentGCThread "G1 Refine#1" [stack: 0x0000005705800000,0x0000005705900000] [id=256]
  0x000001ad697e1800 ConcurrentGCThread "G1 Young RemSet Sampling" [stack: 0x0000005703b00000,0x0000005703c00000] [id=9288]

Threads with active compile tasks:
C2 CompilerThread02788908 9517       4       org.gradle.internal.service.DefaultServiceRegistry$SingletonService::get (5 bytes)
C2 CompilerThread12788908 9525       4       java.lang.StringBuilder::append (8 bytes)

VM state:not at safepoint (normal execution)

VM Mutex/Monitor currently owned by a thread: None

Heap address: 0x0000000080000000, size: 2048 MB, Compressed Oops mode: 32-bit
Narrow klass base: 0x0000000000000000, Narrow klass shift: 3
Compressed class space size: 1073741824 Address: 0x0000000100000000

Heap:
 garbage-first heap   total 152576K, used 93636K [0x0000000080000000, 0x0000000100000000)
  region size 1024K, 7 young (7168K), 1 survivors (1024K)
 Metaspace       used 90374K, capacity 92351K, committed 92456K, reserved 1130496K
  class space    used 11392K, capacity 12062K, committed 12160K, reserved 1048576K
Heap Regions: E=young(eden), S=young(survivor), O=old, HS=humongous(starts), HC=humongous(continues), CS=collection set, F=free, A=archive, TAMS=top-at-mark-start (previous, next)
|   0|0x0000000080000000, 0x0000000080100000, 0x0000000080100000|100%| O|  |TAMS 0x0000000080100000, 0x0000000080000000| Untracked 
|   1|0x0000000080100000, 0x0000000080200000, 0x0000000080200000|100%| O|  |TAMS 0x0000000080200000, 0x0000000080100000| Untracked 
|   2|0x0000000080200000, 0x0000000080300000, 0x0000000080300000|100%| O|  |TAMS 0x0000000080300000, 0x0000000080200000| Untracked 
|   3|0x0000000080300000, 0x0000000080400000, 0x0000000080400000|100%|HS|  |TAMS 0x0000000080400000, 0x0000000080300000| Complete 
|   4|0x0000000080400000, 0x0000000080500000, 0x0000000080500000|100%|HC|  |TAMS 0x0000000080500000, 0x0000000080400000| Complete 
|   5|0x0000000080500000, 0x0000000080600000, 0x0000000080600000|100%|HC|  |TAMS 0x0000000080600000, 0x0000000080500000| Complete 
|   6|0x0000000080600000, 0x0000000080700000, 0x0000000080700000|100%| O|  |TAMS 0x0000000080700000, 0x0000000080600000| Untracked 
|   7|0x0000000080700000, 0x0000000080800000, 0x0000000080800000|100%| O|  |TAMS 0x0000000080800000, 0x0000000080700000| Untracked 
|   8|0x0000000080800000, 0x0000000080900000, 0x0000000080900000|100%| O|  |TAMS 0x0000000080900000, 0x0000000080800000| Untracked 
|   9|0x0000000080900000, 0x0000000080a00000, 0x0000000080a00000|100%| O|  |TAMS 0x0000000080a00000, 0x0000000080900000| Untracked 
|  10|0x0000000080a00000, 0x0000000080b00000, 0x0000000080b00000|100%| O|  |TAMS 0x0000000080b00000, 0x0000000080a00000| Untracked 
|  11|0x0000000080b00000, 0x0000000080c00000, 0x0000000080c00000|100%| O|  |TAMS 0x0000000080c00000, 0x0000000080b00000| Untracked 
|  12|0x0000000080c00000, 0x0000000080d00000, 0x0000000080d00000|100%| O|  |TAMS 0x0000000080d00000, 0x0000000080c00000| Untracked 
|  13|0x0000000080d00000, 0x0000000080e00000, 0x0000000080e00000|100%| O|  |TAMS 0x0000000080e00000, 0x0000000080d00000| Untracked 
|  14|0x0000000080e00000, 0x0000000080f00000, 0x0000000080f00000|100%| O|  |TAMS 0x0000000080f00000, 0x0000000080e00000| Untracked 
|  15|0x0000000080f00000, 0x0000000081000000, 0x0000000081000000|100%| O|  |TAMS 0x0000000081000000, 0x0000000080f00000| Untracked 
|  16|0x0000000081000000, 0x0000000081100000, 0x0000000081100000|100%|HS|  |TAMS 0x0000000081100000, 0x0000000081000000| Complete 
|  17|0x0000000081100000, 0x0000000081200000, 0x0000000081200000|100%|HC|  |TAMS 0x0000000081200000, 0x0000000081100000| Complete 
|  18|0x0000000081200000, 0x0000000081300000, 0x0000000081300000|100%|HS|  |TAMS 0x0000000081300000, 0x0000000081200000| Complete 
|  19|0x0000000081300000, 0x0000000081400000, 0x0000000081400000|100%|HC|  |TAMS 0x0000000081400000, 0x0000000081300000| Complete 
|  20|0x0000000081400000, 0x0000000081500000, 0x0000000081500000|100%|HC|  |TAMS 0x0000000081500000, 0x0000000081400000| Complete 
|  21|0x0000000081500000, 0x0000000081600000, 0x0000000081600000|100%| O|  |TAMS 0x0000000081600000, 0x0000000081500000| Untracked 
|  22|0x0000000081600000, 0x0000000081700000, 0x0000000081700000|100%| O|  |TAMS 0x0000000081700000, 0x0000000081600000| Untracked 
|  23|0x0000000081700000, 0x0000000081800000, 0x0000000081800000|100%| O|  |TAMS 0x0000000081800000, 0x0000000081700000| Untracked 
|  24|0x0000000081800000, 0x0000000081900000, 0x0000000081900000|100%| O|  |TAMS 0x0000000081900000, 0x0000000081800000| Untracked 
|  25|0x0000000081900000, 0x0000000081a00000, 0x0000000081a00000|100%| O|  |TAMS 0x0000000081a00000, 0x0000000081900000| Untracked 
|  26|0x0000000081a00000, 0x0000000081b00000, 0x0000000081b00000|100%| O|  |TAMS 0x0000000081b00000, 0x0000000081a00000| Untracked 
|  27|0x0000000081b00000, 0x0000000081c00000, 0x0000000081c00000|100%| O|  |TAMS 0x0000000081c00000, 0x0000000081b00000| Untracked 
|  28|0x0000000081c00000, 0x0000000081d00000, 0x0000000081d00000|100%| O|  |TAMS 0x0000000081d00000, 0x0000000081c00000| Untracked 
|  29|0x0000000081d00000, 0x0000000081e00000, 0x0000000081e00000|100%| O|  |TAMS 0x0000000081e00000, 0x0000000081d00000| Untracked 
|  30|0x0000000081e00000, 0x0000000081f00000, 0x0000000081f00000|100%| O|  |TAMS 0x0000000081f00000, 0x0000000081e00000| Untracked 
|  31|0x0000000081f00000, 0x0000000082000000, 0x0000000082000000|100%| O|  |TAMS 0x0000000082000000, 0x0000000081f00000| Untracked 
|  32|0x0000000082000000, 0x0000000082100000, 0x0000000082100000|100%|HS|  |TAMS 0x0000000082100000, 0x0000000082000000| Complete 
|  33|0x0000000082100000, 0x0000000082200000, 0x0000000082200000|100%|HS|  |TAMS 0x0000000082200000, 0x0000000082100000| Complete 
|  34|0x0000000082200000, 0x0000000082300000, 0x0000000082300000|100%|HS|  |TAMS 0x0000000082300000, 0x0000000082200000| Complete 
|  35|0x0000000082300000, 0x0000000082400000, 0x0000000082400000|100%|HS|  |TAMS 0x0000000082400000, 0x0000000082300000| Complete 
|  36|0x0000000082400000, 0x0000000082500000, 0x0000000082500000|100%|HC|  |TAMS 0x0000000082500000, 0x0000000082400000| Complete 
|  37|0x0000000082500000, 0x0000000082600000, 0x0000000082600000|100%|HC|  |TAMS 0x0000000082600000, 0x0000000082500000| Complete 
|  38|0x0000000082600000, 0x0000000082700000, 0x0000000082700000|100%|HS|  |TAMS 0x0000000082700000, 0x0000000082600000| Complete 
|  39|0x0000000082700000, 0x0000000082800000, 0x0000000082800000|100%|HC|  |TAMS 0x0000000082800000, 0x0000000082700000| Complete 
|  40|0x0000000082800000, 0x0000000082900000, 0x0000000082900000|100%| O|  |TAMS 0x0000000082900000, 0x0000000082800000| Untracked 
|  41|0x0000000082900000, 0x0000000082a00000, 0x0000000082a00000|100%| O|  |TAMS 0x0000000082a00000, 0x0000000082900000| Untracked 
|  42|0x0000000082a00000, 0x0000000082b00000, 0x0000000082b00000|100%| O|  |TAMS 0x0000000082b00000, 0x0000000082a00000| Untracked 
|  43|0x0000000082b00000, 0x0000000082c00000, 0x0000000082c00000|100%| O|  |TAMS 0x0000000082c00000, 0x0000000082b00000| Untracked 
|  44|0x0000000082c00000, 0x0000000082d00000, 0x0000000082d00000|100%| O|  |TAMS 0x0000000082d00000, 0x0000000082c00000| Untracked 
|  45|0x0000000082d00000, 0x0000000082e00000, 0x0000000082e00000|100%| O|  |TAMS 0x0000000082e00000, 0x0000000082d00000| Untracked 
|  46|0x0000000082e00000, 0x0000000082f00000, 0x0000000082f00000|100%| O|  |TAMS 0x0000000082f00000, 0x0000000082e00000| Untracked 
|  47|0x0000000082f00000, 0x0000000083000000, 0x0000000083000000|100%| O|  |TAMS 0x0000000083000000, 0x0000000082f00000| Untracked 
|  48|0x0000000083000000, 0x0000000083100000, 0x0000000083100000|100%| O|  |TAMS 0x0000000083100000, 0x0000000083000000| Untracked 
|  49|0x0000000083100000, 0x0000000083200000, 0x0000000083200000|100%| O|  |TAMS 0x0000000083200000, 0x0000000083100000| Untracked 
|  50|0x0000000083200000, 0x0000000083300000, 0x0000000083300000|100%| O|  |TAMS 0x0000000083300000, 0x0000000083200000| Untracked 
|  51|0x0000000083300000, 0x0000000083400000, 0x0000000083400000|100%| O|  |TAMS 0x0000000083400000, 0x0000000083300000| Untracked 
|  52|0x0000000083400000, 0x0000000083500000, 0x0000000083500000|100%| O|  |TAMS 0x0000000083500000, 0x0000000083400000| Untracked 
|  53|0x0000000083500000, 0x0000000083600000, 0x0000000083600000|100%| O|  |TAMS 0x0000000083600000, 0x0000000083500000| Untracked 
|  54|0x0000000083600000, 0x0000000083700000, 0x0000000083700000|100%| O|  |TAMS 0x0000000083700000, 0x0000000083600000| Untracked 
|  55|0x0000000083700000, 0x0000000083800000, 0x0000000083800000|100%| O|  |TAMS 0x0000000083800000, 0x0000000083700000| Untracked 
|  56|0x0000000083800000, 0x0000000083900000, 0x0000000083900000|100%| O|  |TAMS 0x0000000083900000, 0x0000000083800000| Untracked 
|  57|0x0000000083900000, 0x0000000083a00000, 0x0000000083a00000|100%| O|  |TAMS 0x0000000083a00000, 0x0000000083900000| Untracked 
|  58|0x0000000083a00000, 0x0000000083b00000, 0x0000000083b00000|100%| O|  |TAMS 0x0000000083b00000, 0x0000000083a00000| Untracked 
|  59|0x0000000083b00000, 0x0000000083c00000, 0x0000000083c00000|100%| O|  |TAMS 0x0000000083c00000, 0x0000000083b00000| Untracked 
|  60|0x0000000083c00000, 0x0000000083d00000, 0x0000000083d00000|100%| O|  |TAMS 0x0000000083d00000, 0x0000000083c00000| Untracked 
|  61|0x0000000083d00000, 0x0000000083e00000, 0x0000000083e00000|100%| O|  |TAMS 0x0000000083e00000, 0x0000000083d00000| Untracked 
|  62|0x0000000083e00000, 0x0000000083f00000, 0x0000000083f00000|100%| O|  |TAMS 0x0000000083f00000, 0x0000000083e00000| Untracked 
|  63|0x0000000083f00000, 0x0000000084000000, 0x0000000084000000|100%| O|  |TAMS 0x0000000084000000, 0x0000000083f00000| Untracked 
|  64|0x0000000084000000, 0x0000000084100000, 0x0000000084100000|100%| O|  |TAMS 0x0000000084100000, 0x0000000084000000| Untracked 
|  65|0x0000000084100000, 0x0000000084200000, 0x0000000084200000|100%| O|  |TAMS 0x0000000084200000, 0x0000000084100000| Untracked 
|  66|0x0000000084200000, 0x0000000084300000, 0x0000000084300000|100%| O|  |TAMS 0x0000000084300000, 0x0000000084200000| Untracked 
|  67|0x0000000084300000, 0x0000000084400000, 0x0000000084400000|100%| O|  |TAMS 0x0000000084400000, 0x0000000084300000| Untracked 
|  68|0x0000000084400000, 0x0000000084500000, 0x0000000084500000|100%| O|  |TAMS 0x0000000084500000, 0x0000000084400000| Untracked 
|  69|0x0000000084500000, 0x0000000084600000, 0x0000000084600000|100%| O|  |TAMS 0x0000000084600000, 0x0000000084500000| Untracked 
|  70|0x0000000084600000, 0x0000000084700000, 0x0000000084700000|100%| O|  |TAMS 0x0000000084700000, 0x0000000084600000| Untracked 
|  71|0x0000000084700000, 0x0000000084800000, 0x0000000084800000|100%| O|  |TAMS 0x0000000084800000, 0x0000000084700000| Untracked 
|  72|0x0000000084800000, 0x0000000084900000, 0x0000000084900000|100%| O|  |TAMS 0x0000000084900000, 0x0000000084800000| Untracked 
|  73|0x0000000084900000, 0x0000000084a00000, 0x0000000084a00000|100%| O|  |TAMS 0x0000000084a00000, 0x0000000084900000| Untracked 
|  74|0x0000000084a00000, 0x0000000084b00000, 0x0000000084b00000|100%| O|  |TAMS 0x0000000084b00000, 0x0000000084a00000| Untracked 
|  75|0x0000000084b00000, 0x0000000084c00000, 0x0000000084c00000|100%| O|  |TAMS 0x0000000084c00000, 0x0000000084b00000| Untracked 
|  76|0x0000000084c00000, 0x0000000084d00000, 0x0000000084d00000|100%| O|  |TAMS 0x0000000084d00000, 0x0000000084c00000| Untracked 
|  77|0x0000000084d00000, 0x0000000084e00000, 0x0000000084e00000|100%| O|  |TAMS 0x0000000084e00000, 0x0000000084d00000| Untracked 
|  78|0x0000000084e00000, 0x0000000084f00000, 0x0000000084f00000|100%| O|  |TAMS 0x0000000084f00000, 0x0000000084e00000| Untracked 
|  79|0x0000000084f00000, 0x0000000085000000, 0x0000000085000000|100%| O|  |TAMS 0x0000000085000000, 0x0000000084f00000| Untracked 
|  80|0x0000000085000000, 0x0000000085100000, 0x0000000085100000|100%| O|  |TAMS 0x0000000085100000, 0x0000000085000000| Untracked 
|  81|0x0000000085100000, 0x0000000085200000, 0x0000000085200000|100%| O|  |TAMS 0x0000000085200000, 0x0000000085100000| Untracked 
|  82|0x0000000085200000, 0x0000000085300000, 0x0000000085300000|100%| O|  |TAMS 0x0000000085300000, 0x0000000085200000| Untracked 
|  83|0x0000000085300000, 0x0000000085400000, 0x0000000085400000|100%| O|  |TAMS 0x0000000085400000, 0x0000000085300000| Untracked 
|  84|0x0000000085400000, 0x0000000085500000, 0x0000000085500000|100%| O|  |TAMS 0x0000000085500000, 0x0000000085400000| Untracked 
|  85|0x0000000085500000, 0x00000000855b9200, 0x0000000085600000| 72%| O|  |TAMS 0x00000000855b9200, 0x0000000085500000| Untracked 
|  86|0x0000000085600000, 0x0000000085600000, 0x0000000085700000|  0%| F|  |TAMS 0x0000000085600000, 0x0000000085600000| Untracked 
|  87|0x0000000085700000, 0x0000000085700000, 0x0000000085800000|  0%| F|  |TAMS 0x0000000085700000, 0x0000000085700000| Untracked 
|  88|0x0000000085800000, 0x0000000085800000, 0x0000000085900000|  0%| F|  |TAMS 0x0000000085800000, 0x0000000085800000| Untracked 
|  89|0x0000000085900000, 0x0000000085900000, 0x0000000085a00000|  0%| F|  |TAMS 0x0000000085900000, 0x0000000085900000| Untracked 
|  90|0x0000000085a00000, 0x0000000085a00000, 0x0000000085b00000|  0%| F|  |TAMS 0x0000000085a00000, 0x0000000085a00000| Untracked 
|  91|0x0000000085b00000, 0x0000000085b00000, 0x0000000085c00000|  0%| F|  |TAMS 0x0000000085b00000, 0x0000000085b00000| Untracked 
|  92|0x0000000085c00000, 0x0000000085c00000, 0x0000000085d00000|  0%| F|  |TAMS 0x0000000085c00000, 0x0000000085c00000| Untracked 
|  93|0x0000000085d00000, 0x0000000085d00000, 0x0000000085e00000|  0%| F|  |TAMS 0x0000000085d00000, 0x0000000085d00000| Untracked 
|  94|0x0000000085e00000, 0x0000000085e00000, 0x0000000085f00000|  0%| F|  |TAMS 0x0000000085e00000, 0x0000000085e00000| Untracked 
|  95|0x0000000085f00000, 0x0000000085f00000, 0x0000000086000000|  0%| F|  |TAMS 0x0000000085f00000, 0x0000000085f00000| Untracked 
|  96|0x0000000086000000, 0x0000000086000000, 0x0000000086100000|  0%| F|  |TAMS 0x0000000086000000, 0x0000000086000000| Untracked 
|  97|0x0000000086100000, 0x0000000086100000, 0x0000000086200000|  0%| F|  |TAMS 0x0000000086100000, 0x0000000086100000| Untracked 
|  98|0x0000000086200000, 0x0000000086200000, 0x0000000086300000|  0%| F|  |TAMS 0x0000000086200000, 0x0000000086200000| Untracked 
|  99|0x0000000086300000, 0x0000000086300000, 0x0000000086400000|  0%| F|  |TAMS 0x0000000086300000, 0x0000000086300000| Untracked 
| 100|0x0000000086400000, 0x0000000086400000, 0x0000000086500000|  0%| F|  |TAMS 0x0000000086400000, 0x0000000086400000| Untracked 
| 101|0x0000000086500000, 0x0000000086500000, 0x0000000086600000|  0%| F|  |TAMS 0x0000000086500000, 0x0000000086500000| Untracked 
| 102|0x0000000086600000, 0x0000000086600000, 0x0000000086700000|  0%| F|  |TAMS 0x0000000086600000, 0x0000000086600000| Untracked 
| 103|0x0000000086700000, 0x0000000086700000, 0x0000000086800000|  0%| F|  |TAMS 0x0000000086700000, 0x0000000086700000| Untracked 
| 104|0x0000000086800000, 0x0000000086800000, 0x0000000086900000|  0%| F|  |TAMS 0x0000000086800000, 0x0000000086800000| Untracked 
| 105|0x0000000086900000, 0x0000000086900000, 0x0000000086a00000|  0%| F|  |TAMS 0x0000000086900000, 0x0000000086900000| Untracked 
| 106|0x0000000086a00000, 0x0000000086a00000, 0x0000000086b00000|  0%| F|  |TAMS 0x0000000086a00000, 0x0000000086a00000| Untracked 
| 107|0x0000000086b00000, 0x0000000086b00000, 0x0000000086c00000|  0%| F|  |TAMS 0x0000000086b00000, 0x0000000086b00000| Untracked 
| 108|0x0000000086c00000, 0x0000000086c00000, 0x0000000086d00000|  0%| F|  |TAMS 0x0000000086c00000, 0x0000000086c00000| Untracked 
| 109|0x0000000086d00000, 0x0000000086db81d0, 0x0000000086e00000| 71%| S|CS|TAMS 0x0000000086d00000, 0x0000000086d00000| Complete 
| 110|0x0000000086e00000, 0x0000000086e00000, 0x0000000086f00000|  0%| F|  |TAMS 0x0000000086e00000, 0x0000000086e00000| Untracked 
| 111|0x0000000086f00000, 0x0000000086f00000, 0x0000000087000000|  0%| F|  |TAMS 0x0000000086f00000, 0x0000000086f00000| Untracked 
| 112|0x0000000087000000, 0x0000000087000000, 0x0000000087100000|  0%| F|  |TAMS 0x0000000087000000, 0x0000000087000000| Untracked 
| 113|0x0000000087100000, 0x0000000087100000, 0x0000000087200000|  0%| F|  |TAMS 0x0000000087100000, 0x0000000087100000| Untracked 
| 114|0x0000000087200000, 0x0000000087200000, 0x0000000087300000|  0%| F|  |TAMS 0x0000000087200000, 0x0000000087200000| Untracked 
| 115|0x0000000087300000, 0x0000000087300000, 0x0000000087400000|  0%| F|  |TAMS 0x0000000087300000, 0x0000000087300000| Untracked 
| 116|0x0000000087400000, 0x0000000087400000, 0x0000000087500000|  0%| F|  |TAMS 0x0000000087400000, 0x0000000087400000| Untracked 
| 117|0x0000000087500000, 0x0000000087500000, 0x0000000087600000|  0%| F|  |TAMS 0x0000000087500000, 0x0000000087500000| Untracked 
| 118|0x0000000087600000, 0x0000000087600000, 0x0000000087700000|  0%| F|  |TAMS 0x0000000087600000, 0x0000000087600000| Untracked 
| 119|0x0000000087700000, 0x0000000087700000, 0x0000000087800000|  0%| F|  |TAMS 0x0000000087700000, 0x0000000087700000| Untracked 
| 120|0x0000000087800000, 0x0000000087800000, 0x0000000087900000|  0%| F|  |TAMS 0x0000000087800000, 0x0000000087800000| Untracked 
| 121|0x0000000087900000, 0x0000000087900000, 0x0000000087a00000|  0%| F|  |TAMS 0x0000000087900000, 0x0000000087900000| Untracked 
| 122|0x0000000087a00000, 0x0000000087a00000, 0x0000000087b00000|  0%| F|  |TAMS 0x0000000087a00000, 0x0000000087a00000| Untracked 
| 123|0x0000000087b00000, 0x0000000087b00000, 0x0000000087c00000|  0%| F|  |TAMS 0x0000000087b00000, 0x0000000087b00000| Untracked 
| 124|0x0000000087c00000, 0x0000000087c00000, 0x0000000087d00000|  0%| F|  |TAMS 0x0000000087c00000, 0x0000000087c00000| Untracked 
| 125|0x0000000087d00000, 0x0000000087d00000, 0x0000000087e00000|  0%| F|  |TAMS 0x0000000087d00000, 0x0000000087d00000| Untracked 
| 126|0x0000000087e00000, 0x0000000087e00000, 0x0000000087f00000|  0%| F|  |TAMS 0x0000000087e00000, 0x0000000087e00000| Untracked 
| 127|0x0000000087f00000, 0x0000000087f00000, 0x0000000088000000|  0%| F|  |TAMS 0x0000000087f00000, 0x0000000087f00000| Untracked 
| 128|0x0000000088000000, 0x0000000088000000, 0x0000000088100000|  0%| F|  |TAMS 0x0000000088000000, 0x0000000088000000| Untracked 
| 129|0x0000000088100000, 0x0000000088100000, 0x0000000088200000|  0%| F|  |TAMS 0x0000000088100000, 0x0000000088100000| Untracked 
| 130|0x0000000088200000, 0x0000000088200000, 0x0000000088300000|  0%| F|  |TAMS 0x0000000088200000, 0x0000000088200000| Untracked 
| 131|0x0000000088300000, 0x0000000088300000, 0x0000000088400000|  0%| F|  |TAMS 0x0000000088300000, 0x0000000088300000| Untracked 
| 132|0x0000000088400000, 0x0000000088400000, 0x0000000088500000|  0%| F|  |TAMS 0x0000000088400000, 0x0000000088400000| Untracked 
| 133|0x0000000088500000, 0x0000000088500000, 0x0000000088600000|  0%| F|  |TAMS 0x0000000088500000, 0x0000000088500000| Untracked 
| 134|0x0000000088600000, 0x0000000088600000, 0x0000000088700000|  0%| F|  |TAMS 0x0000000088600000, 0x0000000088600000| Untracked 
| 135|0x0000000088700000, 0x0000000088700000, 0x0000000088800000|  0%| F|  |TAMS 0x0000000088700000, 0x0000000088700000| Untracked 
| 136|0x0000000088800000, 0x0000000088800000, 0x0000000088900000|  0%| F|  |TAMS 0x0000000088800000, 0x0000000088800000| Untracked 
| 137|0x0000000088900000, 0x0000000088900000, 0x0000000088a00000|  0%| F|  |TAMS 0x0000000088900000, 0x0000000088900000| Untracked 
| 138|0x0000000088a00000, 0x0000000088a00000, 0x0000000088b00000|  0%| F|  |TAMS 0x0000000088a00000, 0x0000000088a00000| Untracked 
| 139|0x0000000088b00000, 0x0000000088b00000, 0x0000000088c00000|  0%| F|  |TAMS 0x0000000088b00000, 0x0000000088b00000| Untracked 
| 140|0x0000000088c00000, 0x0000000088c00000, 0x0000000088d00000|  0%| F|  |TAMS 0x0000000088c00000, 0x0000000088c00000| Untracked 
| 141|0x0000000088d00000, 0x0000000088d00000, 0x0000000088e00000|  0%| F|  |TAMS 0x0000000088d00000, 0x0000000088d00000| Untracked 
| 142|0x0000000088e00000, 0x0000000088e00000, 0x0000000088f00000|  0%| F|  |TAMS 0x0000000088e00000, 0x0000000088e00000| Untracked 
| 143|0x0000000088f00000, 0x0000000088f28750, 0x0000000089000000| 15%| E|  |TAMS 0x0000000088f00000, 0x0000000088f00000| Complete 
| 144|0x0000000089000000, 0x0000000089100000, 0x0000000089100000|100%| E|CS|TAMS 0x0000000089000000, 0x0000000089000000| Complete 
| 145|0x0000000089100000, 0x0000000089200000, 0x0000000089200000|100%| E|CS|TAMS 0x0000000089100000, 0x0000000089100000| Complete 
| 146|0x0000000089200000, 0x0000000089300000, 0x0000000089300000|100%| E|CS|TAMS 0x0000000089200000, 0x0000000089200000| Complete 
| 147|0x0000000089300000, 0x0000000089400000, 0x0000000089400000|100%| E|CS|TAMS 0x0000000089300000, 0x0000000089300000| Complete 
| 148|0x0000000089400000, 0x0000000089500000, 0x0000000089500000|100%| E|CS|TAMS 0x0000000089400000, 0x0000000089400000| Complete 

Card table byte_map: [0x000001ad62740000,0x000001ad62b40000] _byte_map_base: 0x000001ad62340000

Marking Bits (Prev, Next): (CMBitMap*) 0x000001ad4f53d680, (CMBitMap*) 0x000001ad4f53d648
 Prev Bits: [0x000001ad64f40000, 0x000001ad66f40000)
 Next Bits: [0x000001ad62f40000, 0x000001ad64f40000)

Polling page: 0x000001ad4ecd0000

Metaspace:

Usage:
  Non-class:     78.41 MB capacity,    77.13 MB ( 98%) used,     1.07 MB (  1%) free+waste,   210.00 KB ( <1%) overhead. 
      Class:     11.78 MB capacity,    11.13 MB ( 94%) used,   574.39 KB (  5%) free+waste,    95.44 KB ( <1%) overhead. 
       Both:     90.19 MB capacity,    88.26 MB ( 98%) used,     1.63 MB (  2%) free+waste,   305.44 KB ( <1%) overhead. 

Virtual space:
  Non-class space:       80.00 MB reserved,      78.41 MB ( 98%) committed 
      Class space:        1.00 GB reserved,      11.88 MB (  1%) committed 
             Both:        1.08 GB reserved,      90.29 MB (  8%) committed 

Chunk freelists:
   Non-Class:  7.00 KB
       Class:  2.00 KB
        Both:  9.00 KB

MaxMetaspaceSize: 17179869184.00 GB
CompressedClassSpaceSize: 1.00 GB
Initial GC threshold: 20.80 MB
Current GC threshold: 150.48 MB
CDS: off

CodeHeap 'non-profiled nmethods': size=120000Kb used=6375Kb max_used=6375Kb free=113624Kb
 bounds [0x000001ad5aad0000, 0x000001ad5b110000, 0x000001ad62000000]
CodeHeap 'profiled nmethods': size=120000Kb used=21104Kb max_used=21104Kb free=98895Kb
 bounds [0x000001ad535a0000, 0x000001ad54a40000, 0x000001ad5aad0000]
CodeHeap 'non-nmethods': size=5760Kb used=2389Kb max_used=2463Kb free=3370Kb
 bounds [0x000001ad53000000, 0x000001ad53280000, 0x000001ad535a0000]
 total_blobs=10377 nmethods=9482 adapters=807
 compilation: enabled
              stopped_count=0, restarted_count=0
 full_count=0

Compilation events (20 events):
Event: 2788.772 Thread 0x000001ad699b6000 9519       3       java.util.concurrent.atomic.AtomicReference::<init> (10 bytes)
Event: 2788.772 Thread 0x000001ad699b6000 nmethod 9519 0x000001ad54a34990 code [0x000001ad54a34b40, 0x000001ad54a34cf8]
Event: 2788.787 Thread 0x000001ad699b6000 9520       3       java.lang.Character::isJavaIdentifierPart (9 bytes)
Event: 2788.788 Thread 0x000001ad699b6000 nmethod 9520 0x000001ad54a34d90 code [0x000001ad54a34f60, 0x000001ad54a35138]
Event: 2788.788 Thread 0x000001ad699b6000 9521       3       java.lang.CharacterDataLatin1::isJavaIdentifierPart (20 bytes)
Event: 2788.789 Thread 0x000001ad699b6000 nmethod 9521 0x000001ad54a35210 code [0x000001ad54a353e0, 0x000001ad54a355f8]
Event: 2788.851 Thread 0x000001ad699b6000 9522       3       groovy.lang.MetaClassImpl::invokeMethod (14 bytes)
Event: 2788.853 Thread 0x000001ad699b6000 nmethod 9522 0x000001ad54a35710 code [0x000001ad54a358c0, 0x000001ad54a35aa8]
Event: 2788.856 Thread 0x000001ad699b6000 9523       3       groovy.lang.MetaClassImpl::checkInitalised (58 bytes)
Event: 2788.858 Thread 0x000001ad699b6000 nmethod 9523 0x000001ad54a35b90 code [0x000001ad54a35ea0, 0x000001ad54a36d18]
Event: 2788.861 Thread 0x000001ad699b6000 9526       3       java.util.HashSet::<init> (40 bytes)
Event: 2788.862 Thread 0x000001ad699b6000 nmethod 9526 0x000001ad54a37210 code [0x000001ad54a37460, 0x000001ad54a37a48]
Event: 2788.864 Thread 0x000001ad6c3ce000 9525       4       java.lang.StringBuilder::append (8 bytes)
Event: 2788.864 Thread 0x000001ad699b6000 9528       3       org.gradle.internal.service.DefaultServiceRegistry::get (10 bytes)
Event: 2788.865 Thread 0x000001ad699b6000 nmethod 9528 0x000001ad54a37c90 code [0x000001ad54a37e80, 0x000001ad54a38248]
Event: 2788.866 Thread 0x000001ad699b6000 9531       3       org.gradle.internal.serialize.kryo.KryoBackedEncoder::writeLong (9 bytes)
Event: 2788.866 Thread 0x000001ad699b6000 nmethod 9531 0x000001ad54a38390 code [0x000001ad54a38540, 0x000001ad54a38688]
Event: 2788.867 Thread 0x000001ad699b6000 9529       3       org.gradle.internal.serialize.DefaultSerializerRegistry$TaggedTypeSerializer::write (37 bytes)
Event: 2788.868 Thread 0x000001ad699b6000 nmethod 9529 0x000001ad54a38790 code [0x000001ad54a38980, 0x000001ad54a38de8]
Event: 2788.868 Thread 0x000001ad699b6000 9530       3       org.gradle.internal.serialize.DefaultSerializerRegistry$TaggedTypeSerializer::map (110 bytes)

GC Heap History (20 events):
Event: 13.393 GC heap before
{Heap before GC invocations=17 (full 0):
 garbage-first heap   total 152576K, used 106558K [0x0000000080000000, 0x0000000100000000)
  region size 1024K, 48 young (49152K), 6 survivors (6144K)
 Metaspace       used 66694K, capacity 68385K, committed 68648K, reserved 1110016K
  class space    used 8421K, capacity 9004K, committed 9088K, reserved 1048576K
}
Event: 13.401 GC heap after
{Heap after GC invocations=18 (full 0):
 garbage-first heap   total 152576K, used 66040K [0x0000000080000000, 0x0000000100000000)
  region size 1024K, 3 young (3072K), 3 survivors (3072K)
 Metaspace       used 66694K, capacity 68385K, committed 68648K, reserved 1110016K
  class space    used 8421K, capacity 9004K, committed 9088K, reserved 1048576K
}
Event: 14.122 GC heap before
{Heap before GC invocations=18 (full 0):
 garbage-first heap   total 152576K, used 111096K [0x0000000080000000, 0x0000000100000000)
  region size 1024K, 47 young (48128K), 3 survivors (3072K)
 Metaspace       used 69368K, capacity 71123K, committed 71336K, reserved 1112064K
  class space    used 8777K, capacity 9402K, committed 9472K, reserved 1048576K
}
Event: 14.128 GC heap after
{Heap after GC invocations=19 (full 0):
 garbage-first heap   total 152576K, used 69440K [0x0000000080000000, 0x0000000100000000)
  region size 1024K, 6 young (6144K), 6 survivors (6144K)
 Metaspace       used 69368K, capacity 71123K, committed 71336K, reserved 1112064K
  class space    used 8777K, capacity 9402K, committed 9472K, reserved 1048576K
}
Event: 14.618 GC heap before
{Heap before GC invocations=19 (full 0):
 garbage-first heap   total 152576K, used 114496K [0x0000000080000000, 0x0000000100000000)
  region size 1024K, 50 young (51200K), 6 survivors (6144K)
 Metaspace       used 71507K, capacity 73254K, committed 73384K, reserved 1114112K
  class space    used 9026K, capacity 9664K, committed 9728K, reserved 1048576K
}
Event: 14.624 GC heap after
{Heap after GC invocations=20 (full 0):
 garbage-first heap   total 152576K, used 72348K [0x0000000080000000, 0x0000000100000000)
  region size 1024K, 7 young (7168K), 7 survivors (7168K)
 Metaspace       used 71507K, capacity 73254K, committed 73384K, reserved 1114112K
  class space    used 9026K, capacity 9664K, committed 9728K, reserved 1048576K
}
Event: 15.710 GC heap before
{Heap before GC invocations=20 (full 0):
 garbage-first heap   total 152576K, used 116380K [0x0000000080000000, 0x0000000100000000)
  region size 1024K, 50 young (51200K), 7 survivors (7168K)
 Metaspace       used 76137K, capacity 77933K, committed 78248K, reserved 1118208K
  class space    used 9806K, capacity 10427K, committed 10496K, reserved 1048576K
}
Event: 15.721 GC heap after
{Heap after GC invocations=21 (full 0):
 garbage-first heap   total 152576K, used 74933K [0x0000000080000000, 0x0000000100000000)
  region size 1024K, 6 young (6144K), 6 survivors (6144K)
 Metaspace       used 76137K, capacity 77933K, committed 78248K, reserved 1118208K
  class space    used 9806K, capacity 10427K, committed 10496K, reserved 1048576K
}
Event: 16.401 GC heap before
{Heap before GC invocations=21 (full 0):
 garbage-first heap   total 152576K, used 119989K [0x0000000080000000, 0x0000000100000000)
  region size 1024K, 50 young (51200K), 6 survivors (6144K)
 Metaspace       used 77410K, capacity 79278K, committed 79528K, reserved 1118208K
  class space    used 9987K, capacity 10658K, committed 10752K, reserved 1048576K
}
Event: 16.413 GC heap after
{Heap after GC invocations=22 (full 0):
 garbage-first heap   total 152576K, used 78730K [0x0000000080000000, 0x0000000100000000)
  region size 1024K, 7 young (7168K), 7 survivors (7168K)
 Metaspace       used 77410K, capacity 79278K, committed 79528K, reserved 1118208K
  class space    used 9987K, capacity 10658K, committed 10752K, reserved 1048576K
}
Event: 17.701 GC heap before
{Heap before GC invocations=23 (full 0):
 garbage-first heap   total 152576K, used 121738K [0x0000000080000000, 0x0000000100000000)
  region size 1024K, 49 young (50176K), 7 survivors (7168K)
 Metaspace       used 80338K, capacity 82218K, committed 82472K, reserved 1120256K
  class space    used 10400K, capacity 11098K, committed 11136K, reserved 1048576K
}
Event: 17.713 GC heap after
{Heap after GC invocations=24 (full 0):
 garbage-first heap   total 152576K, used 82066K [0x0000000080000000, 0x0000000100000000)
  region size 1024K, 7 young (7168K), 7 survivors (7168K)
 Metaspace       used 80338K, capacity 82218K, committed 82472K, reserved 1120256K
  class space    used 10400K, capacity 11098K, committed 11136K, reserved 1048576K
}
Event: 18.356 GC heap before
{Heap before GC invocations=24 (full 0):
 garbage-first heap   total 152576K, used 124050K [0x0000000080000000, 0x0000000100000000)
  region size 1024K, 48 young (49152K), 7 survivors (7168K)
 Metaspace       used 83346K, capacity 85226K, committed 85416K, reserved 1124352K
  class space    used 10783K, capacity 11482K, committed 11520K, reserved 1048576K
}
Event: 18.370 GC heap after
{Heap after GC invocations=25 (full 0):
 garbage-first heap   total 152576K, used 83323K [0x0000000080000000, 0x0000000100000000)
  region size 1024K, 5 young (5120K), 5 survivors (5120K)
 Metaspace       used 83346K, capacity 85226K, committed 85416K, reserved 1124352K
  class space    used 10783K, capacity 11482K, committed 11520K, reserved 1048576K
}
Event: 19.949 GC heap before
{Heap before GC invocations=26 (full 0):
 garbage-first heap   total 152576K, used 124283K [0x0000000080000000, 0x0000000100000000)
  region size 1024K, 46 young (47104K), 5 survivors (5120K)
 Metaspace       used 86083K, capacity 88074K, committed 88232K, reserved 1126400K
  class space    used 11058K, capacity 11761K, committed 11776K, reserved 1048576K
}
Event: 19.959 GC heap after
{Heap after GC invocations=27 (full 0):
 garbage-first heap   total 152576K, used 88054K [0x0000000080000000, 0x0000000100000000)
  region size 1024K, 6 young (6144K), 6 survivors (6144K)
 Metaspace       used 86083K, capacity 88074K, committed 88232K, reserved 1126400K
  class space    used 11058K, capacity 11761K, committed 11776K, reserved 1048576K
}
Event: 683.012 GC heap before
{Heap before GC invocations=27 (full 0):
 garbage-first heap   total 152576K, used 124918K [0x0000000080000000, 0x0000000100000000)
  region size 1024K, 43 young (44032K), 6 survivors (6144K)
 Metaspace       used 90134K, capacity 92114K, committed 92456K, reserved 1130496K
  class space    used 11388K, capacity 12055K, committed 12160K, reserved 1048576K
}
Event: 683.126 GC heap after
{Heap after GC invocations=28 (full 0):
 garbage-first heap   total 152576K, used 88926K [0x0000000080000000, 0x0000000100000000)
  region size 1024K, 2 young (2048K), 2 survivors (2048K)
 Metaspace       used 90134K, capacity 92114K, committed 92456K, reserved 1130496K
  class space    used 11388K, capacity 12055K, committed 12160K, reserved 1048576K
}
Event: 2715.096 GC heap before
{Heap before GC invocations=29 (full 0):
 garbage-first heap   total 152576K, used 126814K [0x0000000080000000, 0x0000000100000000)
  region size 1024K, 39 young (39936K), 2 survivors (2048K)
 Metaspace       used 90315K, capacity 92307K, committed 92456K, reserved 1130496K
  class space    used 11388K, capacity 12055K, committed 12160K, reserved 1048576K
}
Event: 2715.171 GC heap after
{Heap after GC invocations=30 (full 0):
 garbage-first heap   total 152576K, used 88516K [0x0000000080000000, 0x0000000100000000)
  region size 1024K, 1 young (1024K), 1 survivors (1024K)
 Metaspace       used 90315K, capacity 92307K, committed 92456K, reserved 1130496K
  class space    used 11388K, capacity 12055K, committed 12160K, reserved 1048576K
}

Deoptimization events (20 events):
Event: 2787.587 Thread 0x000001ad70155800 Uncommon trap: trap_request=0xffffff4d fr.pc=0x000001ad5ad5d69c relative=0x000000000000007c
Event: 2787.587 Thread 0x000001ad70155800 Uncommon trap: reason=unstable_if action=reinterpret pc=0x000001ad5ad5d69c method=java.util.Spliterator.getExactSizeIfKnown()J @ 9 c2
Event: 2787.587 Thread 0x000001ad70155800 DEOPT PACKING pc=0x000001ad5ad5d69c sp=0x0000005704bfc860
Event: 2787.587 Thread 0x000001ad70155800 DEOPT UNPACKING pc=0x000001ad530085af sp=0x0000005704bfc7f8 mode 2
Event: 2788.758 Thread 0x000001ad70155800 Uncommon trap: trap_request=0xffffffc6 fr.pc=0x000001ad5b09e428 relative=0x0000000000000a68
Event: 2788.758 Thread 0x000001ad70155800 Uncommon trap: reason=bimorphic_or_optimized_type_check action=maybe_recompile pc=0x000001ad5b09e428 method=java.util.stream.ReferencePipeline$7$1.accept(Ljava/lang/Object;)V @ 8 c2
Event: 2788.759 Thread 0x000001ad70155800 DEOPT PACKING pc=0x000001ad5b09e428 sp=0x0000005704bf87c0
Event: 2788.759 Thread 0x000001ad70155800 DEOPT UNPACKING pc=0x000001ad530085af sp=0x0000005704bf8760 mode 2
Event: 2788.759 Thread 0x000001ad70155800 Uncommon trap: trap_request=0xffffffc6 fr.pc=0x000001ad5b09e428 relative=0x0000000000000a68
Event: 2788.759 Thread 0x000001ad70155800 Uncommon trap: reason=bimorphic_or_optimized_type_check action=maybe_recompile pc=0x000001ad5b09e428 method=java.util.stream.ReferencePipeline$7$1.accept(Ljava/lang/Object;)V @ 8 c2
Event: 2788.759 Thread 0x000001ad70155800 DEOPT PACKING pc=0x000001ad5b09e428 sp=0x0000005704bf84a0
Event: 2788.759 Thread 0x000001ad70155800 DEOPT UNPACKING pc=0x000001ad530085af sp=0x0000005704bf8440 mode 2
Event: 2788.759 Thread 0x000001ad70155800 Uncommon trap: trap_request=0xffffffc6 fr.pc=0x000001ad5b09e428 relative=0x0000000000000a68
Event: 2788.759 Thread 0x000001ad70155800 Uncommon trap: reason=bimorphic_or_optimized_type_check action=maybe_recompile pc=0x000001ad5b09e428 method=java.util.stream.ReferencePipeline$7$1.accept(Ljava/lang/Object;)V @ 8 c2
Event: 2788.759 Thread 0x000001ad70155800 DEOPT PACKING pc=0x000001ad5b09e428 sp=0x0000005704bf8180
Event: 2788.759 Thread 0x000001ad70155800 DEOPT UNPACKING pc=0x000001ad530085af sp=0x0000005704bf8120 mode 2
Event: 2788.759 Thread 0x000001ad70155800 Uncommon trap: trap_request=0xffffffc6 fr.pc=0x000001ad5b09e428 relative=0x0000000000000a68
Event: 2788.759 Thread 0x000001ad70155800 Uncommon trap: reason=bimorphic_or_optimized_type_check action=maybe_recompile pc=0x000001ad5b09e428 method=java.util.stream.ReferencePipeline$7$1.accept(Ljava/lang/Object;)V @ 8 c2
Event: 2788.759 Thread 0x000001ad70155800 DEOPT PACKING pc=0x000001ad5b09e428 sp=0x0000005704bf8180
Event: 2788.759 Thread 0x000001ad70155800 DEOPT UNPACKING pc=0x000001ad530085af sp=0x0000005704bf8120 mode 2

Classes redefined (0 events):
No events

Internal exceptions (20 events):
Event: 16.775 Thread 0x000001ad6c6ab000 Exception <a 'java/lang/ClassNotFoundException'{0x0000000088792238}: java/io/FileCustomizer> (0x0000000088792238) thrown at [./src/hotspot/share/classfile/systemDictionary.cpp, line 231]
Event: 16.960 Thread 0x000001ad6c6ab000 Exception <a 'sun/nio/fs/WindowsException'{0x0000000088169098}> (0x0000000088169098) thrown at [./src/hotspot/share/prims/jni.cpp, line 615]
Event: 16.961 Thread 0x000001ad6c6ab000 Exception <a 'sun/nio/fs/WindowsException'{0x00000000881694a8}> (0x00000000881694a8) thrown at [./src/hotspot/share/prims/jni.cpp, line 615]
Event: 17.143 Thread 0x000001ad6c6ab000 Exception <a 'sun/nio/fs/WindowsException'{0x0000000087d2f4b8}> (0x0000000087d2f4b8) thrown at [./src/hotspot/share/prims/jni.cpp, line 615]
Event: 17.326 Thread 0x000001ad6c6ab000 Exception <a 'sun/nio/fs/WindowsException'{0x0000000087a34b98}> (0x0000000087a34b98) thrown at [./src/hotspot/share/prims/jni.cpp, line 615]
Event: 18.940 Thread 0x000001ad6c6ab000 Exception <a 'sun/nio/fs/WindowsException'{0x0000000088613318}> (0x0000000088613318) thrown at [./src/hotspot/share/prims/jni.cpp, line 615]
Event: 19.031 Thread 0x000001ad6c6ab000 Exception <a 'sun/nio/fs/WindowsException'{0x00000000882151a0}> (0x00000000882151a0) thrown at [./src/hotspot/share/prims/jni.cpp, line 615]
Event: 19.106 Thread 0x000001ad6c6ab000 Exception <a 'sun/nio/fs/WindowsException'{0x0000000087f18108}> (0x0000000087f18108) thrown at [./src/hotspot/share/prims/jni.cpp, line 615]
Event: 19.220 Thread 0x000001ad6c6ab000 Exception <a 'java/lang/ClassNotFoundException'{0x0000000087a9d410}: com/android/build/gradle/internal/api/LibraryVariantOutputImpl_DecoratedBeanInfo> (0x0000000087a9d410) thrown at [./src/hotspot/share/classfile/systemDictionary.cpp, line 231]
Event: 19.221 Thread 0x000001ad6c6ab000 Exception <a 'java/lang/ClassNotFoundException'{0x0000000087abc130}: com/android/build/gradle/internal/api/LibraryVariantOutputImplBeanInfo> (0x0000000087abc130) thrown at [./src/hotspot/share/classfile/systemDictionary.cpp, line 231]
Event: 19.223 Thread 0x000001ad6c6ab000 Exception <a 'java/lang/ClassNotFoundException'{0x0000000087ada450}: com/android/build/gradle/internal/api/LibraryVariantOutputImplCustomizer> (0x0000000087ada450) thrown at [./src/hotspot/share/classfile/systemDictionary.cpp, line 231]
Event: 19.226 Thread 0x000001ad6c6ab000 Exception <a 'java/lang/ClassNotFoundException'{0x0000000087903588}: com/android/build/gradle/internal/api/LibraryVariantOutputImpl_DecoratedCustomizer> (0x0000000087903588) thrown at [./src/hotspot/share/classfile/systemDictionary.cpp, line 231]
Event: 19.711 Thread 0x000001ad6c6ab000 Exception <a 'java/lang/NoSuchMethodError'{0x0000000086fe9f98}: <clinit>> (0x0000000086fe9f98) thrown at [./src/hotspot/share/prims/jni.cpp, line 1365]
Event: 19.873 Thread 0x000001ad6c6ab000 Exception <a 'sun/nio/fs/WindowsException'{0x0000000086c0ef18}> (0x0000000086c0ef18) thrown at [./src/hotspot/share/prims/jni.cpp, line 615]
Event: 20.021 Thread 0x000001ad6c6ab000 Implicit null exception at 0x000001ad5ad7acb1 to 0x000001ad5ad7b454
Event: 20.095 Thread 0x000001ad70159800 Exception <a 'sun/nio/fs/WindowsException'{0x0000000089281600}> (0x0000000089281600) thrown at [./src/hotspot/share/prims/jni.cpp, line 615]
Event: 20.250 Thread 0x000001ad6c6ab000 Exception <a 'java/lang/NoSuchMethodError'{0x000000008917fe40}: 'java.lang.Object java.lang.invoke.Invokers$Holder.linkToTargetMethod(java.lang.Object, java.lang.Object, java.lang.Object, int, java.lang.Object, java.lang.Object)'> (0x000000008917fe40) thrown at [./src/hotspot/share/interpreter/linkResolver.cpp, line 773]
Event: 23.014 Thread 0x000001ad6b5a0000 Implicit null exception at 0x000001ad5ab076f4 to 0x000001ad5ab07c08
Event: 23.014 Thread 0x000001ad6b5a0000 Implicit null exception at 0x000001ad5af18414 to 0x000001ad5af18a54
Event: 2786.944 Thread 0x000001ad70155800 Implicit null exception at 0x000001ad5b09800a to 0x000001ad5b099af8

Events (20 events):
Event: 2788.218 Executing VM operation: RevokeBias
Event: 2788.218 Executing VM operation: RevokeBias done
Event: 2788.218 Executing VM operation: RevokeBias
Event: 2788.218 Executing VM operation: RevokeBias done
Event: 2788.700 Executing VM operation: RevokeBias
Event: 2788.701 Executing VM operation: RevokeBias done
Event: 2788.701 Executing VM operation: RevokeBias
Event: 2788.701 Executing VM operation: RevokeBias done
Event: 2788.712 Thread 0x000001ad70156800 Thread added: 0x000001ad70156800
Event: 2788.720 Thread 0x000001ad70152800 Thread added: 0x000001ad70152800
Event: 2788.741 Thread 0x000001ad7015b800 Thread added: 0x000001ad7015b800
Event: 2788.779 Executing VM operation: RevokeBias
Event: 2788.780 Executing VM operation: RevokeBias done
Event: 2788.780 Executing VM operation: RevokeBias
Event: 2788.780 Executing VM operation: RevokeBias done
Event: 2788.799 Executing VM operation: RevokeBias
Event: 2788.800 Executing VM operation: RevokeBias done
Event: 2788.800 Executing VM operation: RevokeBias
Event: 2788.800 Executing VM operation: RevokeBias done
Event: 2788.863 Thread 0x000001ad6c3ce000 Thread added: 0x000001ad6c3ce000


Dynamic libraries:
0x00007ff65c620000 - 0x00007ff65c62a000 	C:\Program Files\Android\Android Studio\jre\bin\java.exe
0x00007ffb097b0000 - 0x00007ffb099c4000 	C:\WINDOWS\SYSTEM32\ntdll.dll
0x00007ffb07fb0000 - 0x00007ffb08072000 	C:\WINDOWS\System32\KERNEL32.DLL
0x00007ffb06f80000 - 0x00007ffb07323000 	C:\WINDOWS\System32\KERNELBASE.dll
0x00007ffb06ca0000 - 0x00007ffb06db1000 	C:\WINDOWS\System32\ucrtbase.dll
0x00007ffb020b0000 - 0x00007ffb020c9000 	C:\Program Files\Android\Android Studio\jre\bin\jli.dll
0x00007ffb07d20000 - 0x00007ffb07ecb000 	C:\WINDOWS\System32\USER32.dll
0x00007ffaf1550000 - 0x00007ffaf1567000 	C:\Program Files\Android\Android Studio\jre\bin\VCRUNTIME140.dll
0x00007ffaf2ae0000 - 0x00007ffaf2d6e000 	C:\WINDOWS\WinSxS\amd64_microsoft.windows.common-controls_6595b64144ccf1df_6.0.22621.1635_none_270f70857386168e\COMCTL32.dll
0x00007ffb07560000 - 0x00007ffb07586000 	C:\WINDOWS\System32\win32u.dll
0x00007ffb07600000 - 0x00007ffb076a7000 	C:\WINDOWS\System32\msvcrt.dll
0x00007ffb07700000 - 0x00007ffb07729000 	C:\WINDOWS\System32\GDI32.dll
0x00007ffb06e60000 - 0x00007ffb06f79000 	C:\WINDOWS\System32\gdi32full.dll
0x00007ffb06dc0000 - 0x00007ffb06e5a000 	C:\WINDOWS\System32\msvcp_win.dll
0x00007ffb091b0000 - 0x00007ffb091e1000 	C:\WINDOWS\System32\IMM32.DLL
0x00007ffae3770000 - 0x00007ffae380d000 	C:\Program Files\Android\Android Studio\jre\bin\msvcp140.dll
0x00007ffa8d610000 - 0x00007ffa8e0f5000 	C:\Program Files\Android\Android Studio\jre\bin\server\jvm.dll
0x00007ffb08910000 - 0x00007ffb089be000 	C:\WINDOWS\System32\ADVAPI32.dll
0x00007ffb08d20000 - 0x00007ffb08dc4000 	C:\WINDOWS\System32\sechost.dll
0x00007ffb08fd0000 - 0x00007ffb090e7000 	C:\WINDOWS\System32\RPCRT4.dll
0x00007ffb09110000 - 0x00007ffb09118000 	C:\WINDOWS\System32\PSAPI.DLL
0x00007ffb004d0000 - 0x00007ffb00504000 	C:\WINDOWS\SYSTEM32\WINMM.dll
0x00007ffb002a0000 - 0x00007ffb002aa000 	C:\WINDOWS\SYSTEM32\VERSION.dll
0x00007ffb02100000 - 0x00007ffb02109000 	C:\WINDOWS\SYSTEM32\WSOCK32.dll
0x00007ffb091f0000 - 0x00007ffb09261000 	C:\WINDOWS\System32\WS2_32.dll
0x00007ffb05b70000 - 0x00007ffb05b88000 	C:\WINDOWS\SYSTEM32\kernel.appcore.dll
0x00007ffae3a60000 - 0x00007ffae3a71000 	C:\Program Files\Android\Android Studio\jre\bin\verify.dll
0x00007ffb04480000 - 0x00007ffb046ae000 	C:\WINDOWS\SYSTEM32\DBGHELP.DLL
0x00007ffb07990000 - 0x00007ffb07d19000 	C:\WINDOWS\System32\combase.dll
0x00007ffb07ed0000 - 0x00007ffb07fa7000 	C:\WINDOWS\System32\OLEAUT32.dll
0x00007ffaee3c0000 - 0x00007ffaee3f2000 	C:\WINDOWS\SYSTEM32\dbgcore.DLL
0x00007ffb06bb0000 - 0x00007ffb06c2b000 	C:\WINDOWS\System32\bcryptPrimitives.dll
0x00007ffae38d0000 - 0x00007ffae38f9000 	C:\Program Files\Android\Android Studio\jre\bin\java.dll
0x00007ffb020f0000 - 0x00007ffb020fb000 	C:\Program Files\Android\Android Studio\jre\bin\jimage.dll
0x00007ffae38b0000 - 0x00007ffae38c8000 	C:\Program Files\Android\Android Studio\jre\bin\zip.dll
0x00007ffb080a0000 - 0x00007ffb0889a000 	C:\WINDOWS\System32\SHELL32.dll
0x00007ffb04bb0000 - 0x00007ffb0547e000 	C:\WINDOWS\SYSTEM32\windows.storage.dll
0x00007ffb04a70000 - 0x00007ffb04bae000 	C:\WINDOWS\SYSTEM32\wintypes.dll
0x00007ffb08ed0000 - 0x00007ffb08fc1000 	C:\WINDOWS\System32\SHCORE.dll
0x00007ffb07880000 - 0x00007ffb078de000 	C:\WINDOWS\System32\shlwapi.dll
0x00007ffb06ae0000 - 0x00007ffb06b01000 	C:\WINDOWS\SYSTEM32\profapi.dll
0x00007ffae3850000 - 0x00007ffae386a000 	C:\Program Files\Android\Android Studio\jre\bin\net.dll
0x00007ffafffa0000 - 0x00007ffb000d7000 	C:\WINDOWS\SYSTEM32\WINHTTP.dll
0x00007ffb06070000 - 0x00007ffb060d9000 	C:\WINDOWS\system32\mswsock.dll
0x00007ffae3830000 - 0x00007ffae3844000 	C:\Program Files\Android\Android Studio\jre\bin\nio.dll
0x00007ffae4850000 - 0x00007ffae4877000 	C:\Users\Vishal Anand\.gradle\native\e1d6ef7f7dcc3fd88c89a11ec53ec762bb8ba0a96d01ffa2cd45eb1d1d8dd5c5\windows-amd64\native-platform.dll
0x00007ffab61c0000 - 0x00007ffab6304000 	C:\Users\Vishal Anand\.gradle\native\5664cfc778a61ccfe75a443a1ab52a65af34e5dc3c78e0209fed803814484fcb\windows-amd64\native-platform-file-events.dll
0x00007ffb02010000 - 0x00007ffb0201a000 	C:\Program Files\Android\Android Studio\jre\bin\management.dll
0x00007ffaf3f40000 - 0x00007ffaf3f4d000 	C:\Program Files\Android\Android Studio\jre\bin\management_ext.dll
0x00007ffb062d0000 - 0x00007ffb062eb000 	C:\WINDOWS\SYSTEM32\CRYPTSP.dll
0x00007ffb05b90000 - 0x00007ffb05bc5000 	C:\WINDOWS\system32\rsaenh.dll
0x00007ffb06170000 - 0x00007ffb06198000 	C:\WINDOWS\SYSTEM32\USERENV.dll
0x00007ffb06490000 - 0x00007ffb064b8000 	C:\WINDOWS\SYSTEM32\bcrypt.dll
0x00007ffb062f0000 - 0x00007ffb062fc000 	C:\WINDOWS\SYSTEM32\CRYPTBASE.dll
0x00007ffb05720000 - 0x00007ffb0574d000 	C:\WINDOWS\SYSTEM32\IPHLPAPI.DLL
0x00007ffb07590000 - 0x00007ffb07599000 	C:\WINDOWS\System32\NSI.dll
0x00007ffaffe70000 - 0x00007ffaffe89000 	C:\WINDOWS\SYSTEM32\dhcpcsvc6.DLL
0x00007ffaffe50000 - 0x00007ffaffe6f000 	C:\WINDOWS\SYSTEM32\dhcpcsvc.DLL
0x00007ffb05750000 - 0x00007ffb05843000 	C:\WINDOWS\SYSTEM32\DNSAPI.dll

dbghelp: loaded successfully - version: 4.0.5 - missing functions: none
symbol engine: initialized successfully - sym options: 0x614 - pdb path: .;C:\Program Files\Android\Android Studio\jre\bin;C:\WINDOWS\SYSTEM32;C:\WINDOWS\WinSxS\amd64_microsoft.windows.common-controls_6595b64144ccf1df_6.0.22621.1635_none_270f70857386168e;C:\Program Files\Android\Android Studio\jre\bin\server;C:\Users\Vishal Anand\.gradle\native\e1d6ef7f7dcc3fd88c89a11ec53ec762bb8ba0a96d01ffa2cd45eb1d1d8dd5c5\windows-amd64;C:\Users\Vishal Anand\.gradle\native\5664cfc778a61ccfe75a443a1ab52a65af34e5dc3c78e0209fed803814484fcb\windows-amd64

VM Arguments:
jvm_args: --add-opens=java.base/java.util=ALL-UNNAMED --add-opens=java.base/java.lang=ALL-UNNAMED --add-opens=java.base/java.lang.invoke=ALL-UNNAMED --add-opens=java.base/java.util=ALL-UNNAMED --add-opens=java.prefs/java.util.prefs=ALL-UNNAMED --add-opens=java.prefs/java.util.prefs=ALL-UNNAMED --add-opens=java.base/java.nio.charset=ALL-UNNAMED --add-opens=java.base/java.net=ALL-UNNAMED --add-opens=java.base/java.util.concurrent.atomic=ALL-UNNAMED -Xmx2048m -Dfile.encoding=UTF-8 -Duser.country=IN -Duser.language=en -Duser.variant 
java_command: org.gradle.launcher.daemon.bootstrap.GradleDaemon 7.3.3
java_class_path (initial): C:\Users\Vishal Anand\.gradle\wrapper\dists\gradle-7.3.3-bin\6a41zxkdtcxs8rphpq6y0069z\gradle-7.3.3\lib\gradle-launcher-7.3.3.jar
Launcher Type: SUN_STANDARD

[Global flags]
     intx CICompilerCount                          = 4                                         {product} {ergonomic}
     uint ConcGCThreads                            = 2                                         {product} {ergonomic}
     uint G1ConcRefinementThreads                  = 8                                         {product} {ergonomic}
   size_t G1HeapRegionSize                         = 1048576                                   {product} {ergonomic}
    uintx GCDrainStackTargetSize                   = 64                                        {product} {ergonomic}
   size_t InitialHeapSize                          = 130023424                                 {product} {ergonomic}
   size_t MarkStackSize                            = 4194304                                   {product} {ergonomic}
   size_t MaxHeapSize                              = 2147483648                                {product} {command line}
   size_t MaxNewSize                               = 1287651328                                {product} {ergonomic}
   size_t MinHeapDeltaBytes                        = 1048576                                   {product} {ergonomic}
    uintx NonNMethodCodeHeapSize                   = 5836300                                {pd product} {ergonomic}
    uintx NonProfiledCodeHeapSize                  = 122910970                              {pd product} {ergonomic}
    uintx ProfiledCodeHeapSize                     = 122910970                              {pd product} {ergonomic}
    uintx ReservedCodeCacheSize                    = 251658240                              {pd product} {ergonomic}
     bool SegmentedCodeCache                       = true                                      {product} {ergonomic}
     bool UseCompressedClassPointers               = true                                 {lp64_product} {ergonomic}
     bool UseCompressedOops                        = true                                 {lp64_product} {ergonomic}
     bool UseG1GC                                  = true                                      {product} {ergonomic}
     bool UseLargePagesIndividualAllocation        = false                                  {pd product} {ergonomic}

Logging:
Log output configuration:
 #0: stdout all=warning uptime,level,tags
 #1: stderr all=off uptime,level,tags

Environment Variables:
PATH=C:\Program Files\Common Files\Oracle\Java\javapath;C:\WINDOWS\system32;C:\WINDOWS;C:\WINDOWS\System32\Wbem;C:\WINDOWS\System32\WindowsPowerShell\v1.0\;C:\WINDOWS\System32\OpenSSH\;C:\webdriver;C:\Program Files\nodejs\;C:\Program Files\Java\jdk-16.0.1\bin;C:\Users\Vishal Anand\Gradle\gradle-7.3.2-all\gradle-7.3.2\bin;C:\Users\Vishal Anand\Desktop\temp\OPENSSL\bin;C:\Program Files\Git\cmd;C:\Program Files\dotnet\;C:\Users\Vishal Anand\AppData\Local\Programs\Python\Python311\Scripts\;C:\Users\Vishal Anand\AppData\Local\Programs\Python\Python311\;C:\Users\Vishal Anand\AppData\Local\Programs\Python\Python310\Scripts\;C:\Users\Vishal Anand\AppData\Local\Programs\Python\Python310\;C:\Users\Vishal Anand\AppData\Local\Programs\Python\Python39\Scripts\;C:\Users\Vishal Anand\AppData\Local\Microsoft\WindowsApps;C:\Users\Vishal Anand\AppData\Local\Programs\Python\Python39\;C:\Users\Vishal Anand\OneDrive\Desktop\platform-tools_r31.0.0-windows\platform-tools;;C:\Users\Vishal Anand\AppData\Local\Programs\Microsoft VS Code\bin;C:\Users\Vishal Anand\AppData\Roaming\npm;C:\Users\Vishal Anand\.dotnet\tools
USERNAME=Vishal Anand
OS=Windows_NT
PROCESSOR_IDENTIFIER=Intel64 Family 6 Model 126 Stepping 5, GenuineIntel



---------------  S Y S T E M  ---------------

OS: Windows 10 , 64 bit Build 22621 (10.0.22621.1778)
OS uptime: 0 days 2:21 hours

CPU:total 8 (initial active 8) (4 cores per cpu, 2 threads per core) family 6 model 126 stepping 5 microcode 0xa0, cmov, cx8, fxsr, mmx, sse, sse2, sse3, ssse3, sse4.1, sse4.2, popcnt, avx, avx2, aes, clmul, erms, 3dnowpref, lzcnt, ht, tsc, tscinvbit, bmi1, bmi2, adx, evex, sha, fma

Memory: 4k page, system-wide physical 7930M (544M free)
TotalPageFile size 12630M (AvailPageFile size 11M)
current process WorkingSet (physical memory assigned to process): 125M, peak: 432M
current process commit charge ("private bytes"): 415M, peak: 470M

vm_info: OpenJDK 64-Bit Server VM (11.0.12+7-b1504.28-7817840) for windows-amd64 JRE (11.0.12+7-b1504.28-7817840), built on Oct 13 2021 22:12:33 by "builder" with MS VC++ 14.0 (VS2015)

END.
